mode: set
voice/backend/subscription/internal/billing/paddle.go:20.29,21.73 1 1
voice/backend/subscription/internal/billing/paddle.go:21.73,23.3 1 0
voice/backend/subscription/internal/billing/paddle.go:24.2,24.29 1 1
voice/backend/subscription/internal/billing/paddle.go:40.57,42.61 2 1
voice/backend/subscription/internal/billing/paddle.go:42.61,44.3 1 0
voice/backend/subscription/internal/billing/paddle.go:45.2,45.41 1 1
voice/backend/subscription/internal/billing/paddle.go:45.41,47.3 1 1
voice/backend/subscription/internal/billing/paddle.go:48.2,48.43 1 1
voice/backend/subscription/internal/billing/paddle.go:48.43,50.3 1 1
voice/backend/subscription/internal/billing/paddle.go:51.2,51.17 1 1
voice/backend/subscription/internal/billing/paddle.go:55.55,57.16 2 1
voice/backend/subscription/internal/billing/paddle.go:57.16,59.3 1 0
voice/backend/subscription/internal/billing/paddle.go:60.2,63.81 4 1
voice/backend/subscription/internal/billing/paddle.go:63.81,65.3 1 1
voice/backend/subscription/internal/billing/paddle.go:66.2,66.12 1 1
voice/backend/subscription/internal/billing/paddle.go:69.72,70.53 1 1
voice/backend/subscription/internal/billing/paddle.go:70.53,72.19 2 1
voice/backend/subscription/internal/billing/paddle.go:72.19,73.12 1 0
voice/backend/subscription/internal/billing/paddle.go:75.3,75.35 1 1
voice/backend/subscription/internal/billing/paddle.go:76.13,77.33 1 1
voice/backend/subscription/internal/billing/paddle.go:78.13,79.33 1 1
voice/backend/subscription/internal/billing/paddle.go:82.2,82.26 1 1
voice/backend/subscription/internal/billing/paddle.go:82.26,84.3 1 0
voice/backend/subscription/internal/billing/paddle.go:85.2,85.56 1 1
voice/backend/subscription/internal/billing/paddle.go:85.56,87.3 1 0
voice/backend/subscription/internal/billing/paddle.go:88.2,88.20 1 1
voice/backend/subscription/internal/billing/paddle.go:92.48,97.2 4 1
voice/backend/subscription/internal/billing/paddle.go:100.73,102.15 2 1
voice/backend/subscription/internal/billing/paddle.go:102.15,104.3 1 1
voice/backend/subscription/internal/billing/paddle.go:105.2,106.16 2 1
voice/backend/subscription/internal/billing/paddle.go:106.16,108.3 1 0
voice/backend/subscription/internal/billing/paddle.go:109.2,109.16 1 1
voice/backend/subscription/internal/billing/paddle.go:113.97,116.42 3 1
voice/backend/subscription/internal/billing/paddle.go:116.42,118.3 1 0
voice/backend/subscription/internal/billing/paddle.go:119.2,120.16 2 1
voice/backend/subscription/internal/billing/paddle.go:120.16,122.3 1 0
voice/backend/subscription/internal/billing/paddle.go:123.2,124.16 2 1
voice/backend/subscription/internal/billing/paddle.go:124.16,126.3 1 0
voice/backend/subscription/internal/billing/paddle.go:127.2,127.34 1 1
