mode: set
voice/backend/space/internal/grpcsvc/chat_lookup.go:26.110,28.29 2 1
voice/backend/space/internal/grpcsvc/chat_lookup.go:28.29,29.34 1 1
voice/backend/space/internal/grpcsvc/chat_lookup.go:29.34,31.4 1 1
voice/backend/space/internal/grpcsvc/chat_lookup.go:33.2,33.17 1 1
voice/backend/space/internal/grpcsvc/invites.go:20.61,21.16 1 1
voice/backend/space/internal/grpcsvc/invites.go:21.16,23.3 1 0
voice/backend/space/internal/grpcsvc/invites.go:24.2,32.24 2 1
voice/backend/space/internal/grpcsvc/invites.go:32.24,34.3 1 0
voice/backend/space/internal/grpcsvc/invites.go:35.2,35.26 1 1
voice/backend/space/internal/grpcsvc/invites.go:35.26,37.3 1 1
voice/backend/space/internal/grpcsvc/invites.go:38.2,38.26 1 1
voice/backend/space/internal/grpcsvc/invites.go:38.26,40.3 1 0
voice/backend/space/internal/grpcsvc/invites.go:41.2,41.12 1 1
voice/backend/space/internal/grpcsvc/invites.go:44.78,45.16 1 1
voice/backend/space/internal/grpcsvc/invites.go:45.16,47.3 1 0
voice/backend/space/internal/grpcsvc/invites.go:48.2,53.25 2 1
voice/backend/space/internal/grpcsvc/invites.go:53.25,55.3 1 0
voice/backend/space/internal/grpcsvc/invites.go:56.2,56.10 1 1
voice/backend/space/internal/grpcsvc/invites.go:59.41,60.9 1 1
voice/backend/space/internal/grpcsvc/invites.go:61.47,62.58 1 0
voice/backend/space/internal/grpcsvc/invites.go:63.46,64.58 1 1
voice/backend/space/internal/grpcsvc/invites.go:65.46,66.66 1 1
voice/backend/space/internal/grpcsvc/invites.go:67.46,68.75 1 0
voice/backend/space/internal/grpcsvc/invites.go:69.49,70.75 1 1
voice/backend/space/internal/grpcsvc/invites.go:71.46,72.83 1 1
voice/backend/space/internal/grpcsvc/invites.go:73.10,74.51 1 0
voice/backend/space/internal/grpcsvc/invites.go:78.128,79.32 1 1
voice/backend/space/internal/grpcsvc/invites.go:79.32,81.3 1 0
voice/backend/space/internal/grpcsvc/invites.go:82.2,83.16 2 1
voice/backend/space/internal/grpcsvc/invites.go:83.16,85.3 1 0
voice/backend/space/internal/grpcsvc/invites.go:86.2,86.95 1 1
voice/backend/space/internal/grpcsvc/invites.go:86.95,88.3 1 1
voice/backend/space/internal/grpcsvc/invites.go:89.2,90.9 2 1
voice/backend/space/internal/grpcsvc/invites.go:90.9,92.3 1 0
voice/backend/space/internal/grpcsvc/invites.go:93.2,94.24 2 1
voice/backend/space/internal/grpcsvc/invites.go:94.24,96.3 1 0
voice/backend/space/internal/grpcsvc/invites.go:97.2,98.26 2 1
voice/backend/space/internal/grpcsvc/invites.go:98.26,101.3 2 1
voice/backend/space/internal/grpcsvc/invites.go:102.2,108.16 2 1
voice/backend/space/internal/grpcsvc/invites.go:108.16,109.48 1 0
voice/backend/space/internal/grpcsvc/invites.go:109.48,111.4 1 0
voice/backend/space/internal/grpcsvc/invites.go:112.3,112.56 1 0
voice/backend/space/internal/grpcsvc/invites.go:114.2,114.26 1 1
voice/backend/space/internal/grpcsvc/invites.go:114.26,115.103 1 1
voice/backend/space/internal/grpcsvc/invites.go:115.103,118.4 1 1
voice/backend/space/internal/grpcsvc/invites.go:120.2,120.74 1 1
voice/backend/space/internal/grpcsvc/invites.go:123.128,124.32 1 1
voice/backend/space/internal/grpcsvc/invites.go:124.32,126.3 1 0
voice/backend/space/internal/grpcsvc/invites.go:127.2,128.16 2 1
voice/backend/space/internal/grpcsvc/invites.go:128.16,130.3 1 0
voice/backend/space/internal/grpcsvc/invites.go:131.2,132.16 2 1
voice/backend/space/internal/grpcsvc/invites.go:132.16,134.3 1 0
voice/backend/space/internal/grpcsvc/invites.go:135.2,135.16 1 1
voice/backend/space/internal/grpcsvc/invites.go:135.16,137.3 1 0
voice/backend/space/internal/grpcsvc/invites.go:138.2,138.62 1 1
voice/backend/space/internal/grpcsvc/invites.go:138.62,140.3 1 0
voice/backend/space/internal/grpcsvc/invites.go:141.2,141.60 1 1
voice/backend/space/internal/grpcsvc/invites.go:141.60,143.3 1 0
voice/backend/space/internal/grpcsvc/invites.go:144.2,144.45 1 1
voice/backend/space/internal/grpcsvc/invites.go:147.119,148.32 1 1
voice/backend/space/internal/grpcsvc/invites.go:148.32,150.3 1 0
voice/backend/space/internal/grpcsvc/invites.go:151.2,152.16 2 1
voice/backend/space/internal/grpcsvc/invites.go:152.16,154.3 1 0
voice/backend/space/internal/grpcsvc/invites.go:155.2,155.42 1 1
voice/backend/space/internal/grpcsvc/invites.go:155.42,157.3 1 0
voice/backend/space/internal/grpcsvc/invites.go:158.2,159.16 2 1
voice/backend/space/internal/grpcsvc/invites.go:159.16,161.3 1 0
voice/backend/space/internal/grpcsvc/invites.go:162.2,162.40 1 1
voice/backend/space/internal/grpcsvc/invites.go:162.40,164.3 1 0
voice/backend/space/internal/grpcsvc/invites.go:165.2,165.68 1 1
voice/backend/space/internal/grpcsvc/invites.go:165.68,167.3 1 0
voice/backend/space/internal/grpcsvc/invites.go:168.2,168.56 1 1
voice/backend/space/internal/grpcsvc/invites.go:168.56,170.3 1 0
voice/backend/space/internal/grpcsvc/invites.go:171.2,171.71 1 1
voice/backend/space/internal/grpcsvc/invites.go:174.125,175.32 1 1
voice/backend/space/internal/grpcsvc/invites.go:175.32,177.3 1 0
voice/backend/space/internal/grpcsvc/invites.go:178.2,179.16 2 1
voice/backend/space/internal/grpcsvc/invites.go:179.16,181.3 1 0
voice/backend/space/internal/grpcsvc/invites.go:182.2,182.58 1 1
voice/backend/space/internal/grpcsvc/invites.go:182.58,184.3 1 0
voice/backend/space/internal/grpcsvc/invites.go:185.2,186.16 2 1
voice/backend/space/internal/grpcsvc/invites.go:186.16,188.3 1 0
voice/backend/space/internal/grpcsvc/invites.go:189.2,190.27 2 1
voice/backend/space/internal/grpcsvc/invites.go:190.27,192.3 1 1
voice/backend/space/internal/grpcsvc/invites.go:193.2,195.8 1 1
voice/backend/space/internal/grpcsvc/invites.go:198.128,199.32 1 1
voice/backend/space/internal/grpcsvc/invites.go:199.32,201.3 1 0
voice/backend/space/internal/grpcsvc/invites.go:202.2,203.16 2 1
voice/backend/space/internal/grpcsvc/invites.go:203.16,205.3 1 0
voice/backend/space/internal/grpcsvc/invites.go:206.2,207.9 2 1
voice/backend/space/internal/grpcsvc/invites.go:207.9,209.3 1 0
voice/backend/space/internal/grpcsvc/invites.go:210.2,211.9 2 1
voice/backend/space/internal/grpcsvc/invites.go:211.9,213.3 1 0
voice/backend/space/internal/grpcsvc/invites.go:214.2,215.16 2 1
voice/backend/space/internal/grpcsvc/invites.go:215.16,217.3 1 1
voice/backend/space/internal/grpcsvc/invites.go:218.2,218.82 1 1
voice/backend/space/internal/grpcsvc/invites.go:218.82,220.3 1 0
voice/backend/space/internal/grpcsvc/invites.go:221.2,223.73 3 1
voice/backend/space/internal/grpcsvc/invites.go:226.39,228.2 1 1
voice/backend/space/internal/grpcsvc/members.go:18.125,19.32 1 1
voice/backend/space/internal/grpcsvc/members.go:19.32,21.3 1 0
voice/backend/space/internal/grpcsvc/members.go:22.2,23.16 2 1
voice/backend/space/internal/grpcsvc/members.go:23.16,25.3 1 0
voice/backend/space/internal/grpcsvc/members.go:26.2,26.59 1 1
voice/backend/space/internal/grpcsvc/members.go:26.59,28.3 1 0
voice/backend/space/internal/grpcsvc/members.go:29.2,31.26 3 1
voice/backend/space/internal/grpcsvc/members.go:31.26,32.38 1 1
voice/backend/space/internal/grpcsvc/members.go:32.38,34.4 1 0
voice/backend/space/internal/grpcsvc/members.go:35.3,35.37 1 1
voice/backend/space/internal/grpcsvc/members.go:37.2,38.16 2 1
voice/backend/space/internal/grpcsvc/members.go:38.16,39.40 1 0
voice/backend/space/internal/grpcsvc/members.go:39.40,41.4 1 0
voice/backend/space/internal/grpcsvc/members.go:42.3,42.56 1 0
voice/backend/space/internal/grpcsvc/members.go:44.2,45.27 2 1
voice/backend/space/internal/grpcsvc/members.go:45.27,48.46 3 1
voice/backend/space/internal/grpcsvc/members.go:48.46,49.36 1 0
voice/backend/space/internal/grpcsvc/members.go:49.36,50.13 1 0
voice/backend/space/internal/grpcsvc/members.go:52.4,53.67 2 0
voice/backend/space/internal/grpcsvc/members.go:53.67,55.5 1 0
voice/backend/space/internal/grpcsvc/members.go:57.3,57.31 1 1
voice/backend/space/internal/grpcsvc/members.go:59.2,64.8 1 1
voice/backend/space/internal/grpcsvc/members.go:67.122,68.32 1 1
voice/backend/space/internal/grpcsvc/members.go:68.32,70.3 1 0
voice/backend/space/internal/grpcsvc/members.go:71.2,72.16 2 1
voice/backend/space/internal/grpcsvc/members.go:72.16,74.3 1 0
voice/backend/space/internal/grpcsvc/members.go:75.2,76.16 2 1
voice/backend/space/internal/grpcsvc/members.go:76.16,78.3 1 0
voice/backend/space/internal/grpcsvc/members.go:79.2,79.87 1 1
voice/backend/space/internal/grpcsvc/members.go:79.87,81.3 1 1
voice/backend/space/internal/grpcsvc/members.go:82.2,83.30 2 1
voice/backend/space/internal/grpcsvc/members.go:83.30,85.3 1 0
voice/backend/space/internal/grpcsvc/members.go:86.2,86.37 1 1
voice/backend/space/internal/grpcsvc/members.go:86.37,88.3 1 1
voice/backend/space/internal/grpcsvc/members.go:89.2,90.9 2 1
voice/backend/space/internal/grpcsvc/members.go:90.9,92.3 1 0
voice/backend/space/internal/grpcsvc/members.go:93.2,93.70 1 1
voice/backend/space/internal/grpcsvc/members.go:93.70,94.36 1 1
voice/backend/space/internal/grpcsvc/members.go:94.36,96.4 1 1
voice/backend/space/internal/grpcsvc/members.go:97.3,97.56 1 0
voice/backend/space/internal/grpcsvc/members.go:99.2,101.43 3 1
voice/backend/space/internal/grpcsvc/moderation.go:26.119,27.32 1 1
voice/backend/space/internal/grpcsvc/moderation.go:27.32,29.3 1 0
voice/backend/space/internal/grpcsvc/moderation.go:30.2,31.16 2 1
voice/backend/space/internal/grpcsvc/moderation.go:31.16,33.3 1 0
voice/backend/space/internal/grpcsvc/moderation.go:34.2,35.16 2 1
voice/backend/space/internal/grpcsvc/moderation.go:35.16,37.3 1 0
voice/backend/space/internal/grpcsvc/moderation.go:38.2,39.9 2 1
voice/backend/space/internal/grpcsvc/moderation.go:39.9,41.3 1 0
voice/backend/space/internal/grpcsvc/moderation.go:42.2,42.86 1 1
voice/backend/space/internal/grpcsvc/moderation.go:42.86,44.3 1 0
voice/backend/space/internal/grpcsvc/moderation.go:45.2,46.30 2 1
voice/backend/space/internal/grpcsvc/moderation.go:46.30,48.3 1 0
voice/backend/space/internal/grpcsvc/moderation.go:49.2,49.30 1 1
voice/backend/space/internal/grpcsvc/moderation.go:49.30,51.43 2 1
voice/backend/space/internal/grpcsvc/moderation.go:51.43,53.4 1 1
voice/backend/space/internal/grpcsvc/moderation.go:54.8,54.41 1 0
voice/backend/space/internal/grpcsvc/moderation.go:54.41,56.36 2 0
voice/backend/space/internal/grpcsvc/moderation.go:56.36,58.4 1 0
voice/backend/space/internal/grpcsvc/moderation.go:61.2,62.73 2 1
voice/backend/space/internal/grpcsvc/moderation.go:62.73,64.17 2 0
voice/backend/space/internal/grpcsvc/moderation.go:64.17,66.4 1 0
voice/backend/space/internal/grpcsvc/moderation.go:67.3,67.22 1 0
voice/backend/space/internal/grpcsvc/moderation.go:68.8,68.37 1 1
voice/backend/space/internal/grpcsvc/moderation.go:68.37,70.17 2 1
voice/backend/space/internal/grpcsvc/moderation.go:70.17,72.4 1 0
voice/backend/space/internal/grpcsvc/moderation.go:73.3,73.29 1 1
voice/backend/space/internal/grpcsvc/moderation.go:73.29,75.39 2 1
voice/backend/space/internal/grpcsvc/moderation.go:75.39,78.10 3 1
voice/backend/space/internal/grpcsvc/moderation.go:83.2,84.23 2 1
voice/backend/space/internal/grpcsvc/moderation.go:84.23,87.3 2 1
voice/backend/space/internal/grpcsvc/moderation.go:88.2,88.97 1 1
voice/backend/space/internal/grpcsvc/moderation.go:88.97,89.46 1 0
voice/backend/space/internal/grpcsvc/moderation.go:89.46,91.4 1 0
voice/backend/space/internal/grpcsvc/moderation.go:92.3,92.56 1 0
voice/backend/space/internal/grpcsvc/moderation.go:94.2,94.25 1 1
voice/backend/space/internal/grpcsvc/moderation.go:94.25,96.3 1 1
voice/backend/space/internal/grpcsvc/moderation.go:97.2,97.42 1 1
voice/backend/space/internal/grpcsvc/moderation.go:100.125,101.32 1 1
voice/backend/space/internal/grpcsvc/moderation.go:101.32,103.3 1 0
voice/backend/space/internal/grpcsvc/moderation.go:104.2,105.16 2 1
voice/backend/space/internal/grpcsvc/moderation.go:105.16,107.3 1 0
voice/backend/space/internal/grpcsvc/moderation.go:108.2,109.16 2 1
voice/backend/space/internal/grpcsvc/moderation.go:109.16,111.3 1 0
voice/backend/space/internal/grpcsvc/moderation.go:112.2,113.9 2 1
voice/backend/space/internal/grpcsvc/moderation.go:113.9,115.3 1 0
voice/backend/space/internal/grpcsvc/moderation.go:116.2,116.86 1 1
voice/backend/space/internal/grpcsvc/moderation.go:116.86,118.3 1 0
voice/backend/space/internal/grpcsvc/moderation.go:119.2,119.77 1 1
voice/backend/space/internal/grpcsvc/moderation.go:119.77,120.36 1 0
voice/backend/space/internal/grpcsvc/moderation.go:120.36,122.4 1 0
voice/backend/space/internal/grpcsvc/moderation.go:123.3,123.56 1 0
voice/backend/space/internal/grpcsvc/moderation.go:125.2,125.44 1 1
voice/backend/space/internal/grpcsvc/moderation.go:128.116,129.32 1 1
voice/backend/space/internal/grpcsvc/moderation.go:129.32,131.3 1 0
voice/backend/space/internal/grpcsvc/moderation.go:132.2,133.16 2 1
voice/backend/space/internal/grpcsvc/moderation.go:133.16,135.3 1 0
voice/backend/space/internal/grpcsvc/moderation.go:136.2,136.86 1 1
voice/backend/space/internal/grpcsvc/moderation.go:136.86,138.3 1 0
voice/backend/space/internal/grpcsvc/moderation.go:139.2,140.16 2 1
voice/backend/space/internal/grpcsvc/moderation.go:140.16,142.3 1 0
voice/backend/space/internal/grpcsvc/moderation.go:143.2,144.25 2 1
voice/backend/space/internal/grpcsvc/moderation.go:144.25,151.22 2 1
voice/backend/space/internal/grpcsvc/moderation.go:151.22,153.4 1 1
voice/backend/space/internal/grpcsvc/moderation.go:154.3,154.23 1 1
voice/backend/space/internal/grpcsvc/moderation.go:156.2,156.77 1 1
voice/backend/space/internal/grpcsvc/moderation.go:159.131,160.32 1 1
voice/backend/space/internal/grpcsvc/moderation.go:160.32,162.3 1 0
voice/backend/space/internal/grpcsvc/moderation.go:163.2,164.16 2 1
voice/backend/space/internal/grpcsvc/moderation.go:164.16,166.3 1 0
voice/backend/space/internal/grpcsvc/moderation.go:167.2,168.16 2 1
voice/backend/space/internal/grpcsvc/moderation.go:168.16,170.3 1 0
voice/backend/space/internal/grpcsvc/moderation.go:171.2,172.9 2 1
voice/backend/space/internal/grpcsvc/moderation.go:172.9,174.3 1 0
voice/backend/space/internal/grpcsvc/moderation.go:175.2,175.101 1 1
voice/backend/space/internal/grpcsvc/moderation.go:175.101,177.3 1 0
voice/backend/space/internal/grpcsvc/moderation.go:178.2,179.30 2 1
voice/backend/space/internal/grpcsvc/moderation.go:179.30,181.3 1 0
voice/backend/space/internal/grpcsvc/moderation.go:182.2,182.37 1 1
voice/backend/space/internal/grpcsvc/moderation.go:182.37,184.3 1 0
voice/backend/space/internal/grpcsvc/moderation.go:185.2,186.23 2 1
voice/backend/space/internal/grpcsvc/moderation.go:186.23,189.3 2 0
voice/backend/space/internal/grpcsvc/moderation.go:190.2,190.116 1 1
voice/backend/space/internal/grpcsvc/moderation.go:190.116,191.54 1 0
voice/backend/space/internal/grpcsvc/moderation.go:191.54,193.4 1 0
voice/backend/space/internal/grpcsvc/moderation.go:194.3,194.56 1 0
voice/backend/space/internal/grpcsvc/moderation.go:196.2,196.46 1 1
voice/backend/space/internal/grpcsvc/moderation.go:199.149,200.32 1 1
voice/backend/space/internal/grpcsvc/moderation.go:200.32,202.3 1 0
voice/backend/space/internal/grpcsvc/moderation.go:203.2,204.16 2 1
voice/backend/space/internal/grpcsvc/moderation.go:204.16,206.3 1 0
voice/backend/space/internal/grpcsvc/moderation.go:207.2,208.16 2 1
voice/backend/space/internal/grpcsvc/moderation.go:208.16,210.3 1 0
voice/backend/space/internal/grpcsvc/moderation.go:211.2,212.9 2 1
voice/backend/space/internal/grpcsvc/moderation.go:212.9,214.3 1 0
voice/backend/space/internal/grpcsvc/moderation.go:215.2,215.101 1 1
voice/backend/space/internal/grpcsvc/moderation.go:215.101,217.3 1 0
voice/backend/space/internal/grpcsvc/moderation.go:218.2,218.85 1 1
voice/backend/space/internal/grpcsvc/moderation.go:218.85,219.36 1 0
voice/backend/space/internal/grpcsvc/moderation.go:219.36,221.4 1 0
voice/backend/space/internal/grpcsvc/moderation.go:222.3,222.56 1 0
voice/backend/space/internal/grpcsvc/moderation.go:224.2,224.52 1 1
voice/backend/space/internal/grpcsvc/parse.go:11.60,13.13 2 1
voice/backend/space/internal/grpcsvc/parse.go:13.13,15.3 1 1
voice/backend/space/internal/grpcsvc/parse.go:16.2,17.16 2 1
voice/backend/space/internal/grpcsvc/parse.go:17.16,19.3 1 1
voice/backend/space/internal/grpcsvc/parse.go:20.2,20.16 1 1
voice/backend/space/internal/grpcsvc/proto.go:11.56,12.14 1 1
voice/backend/space/internal/grpcsvc/proto.go:12.14,14.3 1 1
voice/backend/space/internal/grpcsvc/proto.go:15.2,28.22 2 1
voice/backend/space/internal/grpcsvc/proto.go:28.22,30.3 1 1
voice/backend/space/internal/grpcsvc/proto.go:31.2,31.24 1 1
voice/backend/space/internal/grpcsvc/proto.go:31.24,33.3 1 1
voice/backend/space/internal/grpcsvc/proto.go:34.2,34.12 1 1
voice/backend/space/internal/grpcsvc/roles.go:17.109,19.9 2 1
voice/backend/space/internal/grpcsvc/roles.go:19.9,21.3 1 0
voice/backend/space/internal/grpcsvc/roles.go:22.2,22.20 1 1
voice/backend/space/internal/grpcsvc/roles.go:22.20,24.3 1 1
voice/backend/space/internal/grpcsvc/roles.go:25.2,30.16 2 1
voice/backend/space/internal/grpcsvc/roles.go:30.16,31.44 1 1
voice/backend/space/internal/grpcsvc/roles.go:31.44,33.4 1 1
voice/backend/space/internal/grpcsvc/roles.go:34.3,34.51 1 0
voice/backend/space/internal/grpcsvc/roles.go:36.2,36.24 1 1
voice/backend/space/internal/grpcsvc/roles.go:36.24,38.3 1 1
voice/backend/space/internal/grpcsvc/roles.go:39.2,39.12 1 1
voice/backend/space/internal/grpcsvc/roles.go:42.103,43.20 1 1
voice/backend/space/internal/grpcsvc/roles.go:43.20,45.3 1 1
voice/backend/space/internal/grpcsvc/roles.go:46.2,50.12 2 1
voice/backend/space/internal/grpcsvc/roles.go:53.102,54.20 1 1
voice/backend/space/internal/grpcsvc/roles.go:54.20,56.3 1 1
voice/backend/space/internal/grpcsvc/roles.go:57.2,58.35 2 1
voice/backend/space/internal/grpcsvc/roles.go:58.35,60.3 1 0
voice/backend/space/internal/grpcsvc/roles.go:61.2,62.16 2 1
voice/backend/space/internal/grpcsvc/roles.go:62.16,63.41 1 0
voice/backend/space/internal/grpcsvc/roles.go:63.41,65.22 2 0
voice/backend/space/internal/grpcsvc/roles.go:65.22,67.5 1 0
voice/backend/space/internal/grpcsvc/roles.go:68.4,68.52 1 0
voice/backend/space/internal/grpcsvc/roles.go:68.52,69.46 1 0
voice/backend/space/internal/grpcsvc/roles.go:69.46,71.11 2 0
voice/backend/space/internal/grpcsvc/roles.go:74.9,76.4 1 0
voice/backend/space/internal/grpcsvc/roles.go:78.2,78.74 1 1
voice/backend/space/internal/grpcsvc/roles.go:78.74,80.3 1 0
voice/backend/space/internal/grpcsvc/roles.go:81.2,88.12 4 1
voice/backend/space/internal/grpcsvc/roles.go:91.93,92.32 1 1
voice/backend/space/internal/grpcsvc/roles.go:92.32,94.3 1 0
voice/backend/space/internal/grpcsvc/roles.go:95.2,99.16 2 1
voice/backend/space/internal/grpcsvc/roles.go:99.16,101.3 1 0
voice/backend/space/internal/grpcsvc/roles.go:102.2,102.50 1 1
voice/backend/space/internal/grpcsvc/roles.go:102.50,108.3 1 1
voice/backend/space/internal/grpcsvc/roles.go:111.97,112.20 1 1
voice/backend/space/internal/grpcsvc/roles.go:112.20,114.3 1 1
voice/backend/space/internal/grpcsvc/roles.go:115.2,119.16 2 1
voice/backend/space/internal/grpcsvc/roles.go:119.16,121.3 1 0
voice/backend/space/internal/grpcsvc/roles.go:122.2,123.50 2 1
voice/backend/space/internal/grpcsvc/roles.go:123.50,125.3 1 1
voice/backend/space/internal/grpcsvc/roles.go:126.2,126.14 1 1
voice/backend/space/internal/grpcsvc/space.go:18.125,19.32 1 1
voice/backend/space/internal/grpcsvc/space.go:19.32,21.3 1 0
voice/backend/space/internal/grpcsvc/space.go:22.2,23.9 2 1
voice/backend/space/internal/grpcsvc/space.go:23.9,25.3 1 1
voice/backend/space/internal/grpcsvc/space.go:26.2,27.16 2 1
voice/backend/space/internal/grpcsvc/space.go:27.16,29.3 1 1
voice/backend/space/internal/grpcsvc/space.go:31.2,32.16 2 1
voice/backend/space/internal/grpcsvc/space.go:32.16,34.3 1 1
voice/backend/space/internal/grpcsvc/space.go:35.2,35.73 1 1
voice/backend/space/internal/grpcsvc/space.go:35.73,37.3 1 1
voice/backend/space/internal/grpcsvc/space.go:38.2,38.67 1 1
voice/backend/space/internal/grpcsvc/space.go:38.67,40.3 1 0
voice/backend/space/internal/grpcsvc/space.go:41.2,41.26 1 1
voice/backend/space/internal/grpcsvc/space.go:41.26,42.110 1 1
voice/backend/space/internal/grpcsvc/space.go:42.110,44.4 1 1
voice/backend/space/internal/grpcsvc/space.go:46.2,46.71 1 1
voice/backend/space/internal/grpcsvc/space.go:49.125,50.32 1 1
voice/backend/space/internal/grpcsvc/space.go:50.32,52.3 1 0
voice/backend/space/internal/grpcsvc/space.go:53.2,54.9 2 1
voice/backend/space/internal/grpcsvc/space.go:54.9,56.3 1 1
voice/backend/space/internal/grpcsvc/space.go:57.2,58.16 2 1
voice/backend/space/internal/grpcsvc/space.go:58.16,60.3 1 1
voice/backend/space/internal/grpcsvc/space.go:61.2,62.16 2 1
voice/backend/space/internal/grpcsvc/space.go:62.16,64.3 1 0
voice/backend/space/internal/grpcsvc/space.go:65.2,65.16 1 1
voice/backend/space/internal/grpcsvc/space.go:65.16,67.3 1 1
voice/backend/space/internal/grpcsvc/space.go:68.2,68.34 1 1
voice/backend/space/internal/grpcsvc/space.go:68.34,70.3 1 1
voice/backend/space/internal/grpcsvc/space.go:72.2,73.21 2 1
voice/backend/space/internal/grpcsvc/space.go:73.21,76.3 2 1
voice/backend/space/internal/grpcsvc/space.go:77.2,77.28 1 1
voice/backend/space/internal/grpcsvc/space.go:77.28,80.3 2 1
voice/backend/space/internal/grpcsvc/space.go:81.2,81.24 1 1
voice/backend/space/internal/grpcsvc/space.go:81.24,84.3 2 1
voice/backend/space/internal/grpcsvc/space.go:85.2,85.26 1 1
voice/backend/space/internal/grpcsvc/space.go:85.26,88.3 2 1
voice/backend/space/internal/grpcsvc/space.go:89.2,90.16 2 1
voice/backend/space/internal/grpcsvc/space.go:90.16,92.3 1 0
voice/backend/space/internal/grpcsvc/space.go:93.2,93.20 1 1
voice/backend/space/internal/grpcsvc/space.go:93.20,95.3 1 0
voice/backend/space/internal/grpcsvc/space.go:96.2,96.75 1 1
voice/backend/space/internal/grpcsvc/space.go:99.116,100.32 1 1
voice/backend/space/internal/grpcsvc/space.go:100.32,102.3 1 0
voice/backend/space/internal/grpcsvc/space.go:103.2,104.9 2 1
voice/backend/space/internal/grpcsvc/space.go:104.9,106.3 1 1
voice/backend/space/internal/grpcsvc/space.go:107.2,108.16 2 1
voice/backend/space/internal/grpcsvc/space.go:108.16,110.3 1 1
voice/backend/space/internal/grpcsvc/space.go:111.2,112.16 2 1
voice/backend/space/internal/grpcsvc/space.go:112.16,114.3 1 0
voice/backend/space/internal/grpcsvc/space.go:115.2,115.13 1 1
voice/backend/space/internal/grpcsvc/space.go:115.13,117.3 1 1
voice/backend/space/internal/grpcsvc/space.go:118.2,119.16 2 1
voice/backend/space/internal/grpcsvc/space.go:119.16,121.3 1 0
voice/backend/space/internal/grpcsvc/space.go:122.2,122.16 1 1
voice/backend/space/internal/grpcsvc/space.go:122.16,124.3 1 0
voice/backend/space/internal/grpcsvc/space.go:125.2,125.68 1 1
voice/backend/space/internal/grpcsvc/space.go:128.128,129.32 1 1
voice/backend/space/internal/grpcsvc/space.go:129.32,131.3 1 0
voice/backend/space/internal/grpcsvc/space.go:132.2,133.9 2 1
voice/backend/space/internal/grpcsvc/space.go:133.9,135.3 1 1
voice/backend/space/internal/grpcsvc/space.go:137.2,139.16 3 1
voice/backend/space/internal/grpcsvc/space.go:139.16,140.35 1 1
voice/backend/space/internal/grpcsvc/space.go:140.35,142.42 2 1
voice/backend/space/internal/grpcsvc/space.go:142.42,144.5 1 1
voice/backend/space/internal/grpcsvc/space.go:147.2,147.17 1 1
voice/backend/space/internal/grpcsvc/space.go:147.17,149.3 1 0
voice/backend/space/internal/grpcsvc/space.go:151.2,152.48 2 1
voice/backend/space/internal/grpcsvc/space.go:152.48,154.3 1 1
voice/backend/space/internal/grpcsvc/space.go:155.2,155.16 1 1
voice/backend/space/internal/grpcsvc/space.go:155.16,157.3 1 0
voice/backend/space/internal/grpcsvc/space.go:158.2,159.32 2 1
voice/backend/space/internal/grpcsvc/space.go:159.32,161.3 1 1
voice/backend/space/internal/grpcsvc/space.go:162.2,167.8 1 1
voice/backend/space/internal/grpcsvc/tree.go:23.86,25.9 2 1
voice/backend/space/internal/grpcsvc/tree.go:25.9,27.3 1 0
voice/backend/space/internal/grpcsvc/tree.go:28.2,29.16 2 1
voice/backend/space/internal/grpcsvc/tree.go:29.16,31.3 1 0
voice/backend/space/internal/grpcsvc/tree.go:32.2,32.13 1 1
voice/backend/space/internal/grpcsvc/tree.go:32.13,34.3 1 1
voice/backend/space/internal/grpcsvc/tree.go:35.2,35.12 1 1
voice/backend/space/internal/grpcsvc/tree.go:38.85,40.9 2 1
voice/backend/space/internal/grpcsvc/tree.go:40.9,42.3 1 0
voice/backend/space/internal/grpcsvc/tree.go:43.2,44.16 2 1
voice/backend/space/internal/grpcsvc/tree.go:44.16,46.3 1 0
voice/backend/space/internal/grpcsvc/tree.go:47.2,47.16 1 1
voice/backend/space/internal/grpcsvc/tree.go:47.16,49.3 1 0
voice/backend/space/internal/grpcsvc/tree.go:50.2,50.34 1 1
voice/backend/space/internal/grpcsvc/tree.go:50.34,52.3 1 1
voice/backend/space/internal/grpcsvc/tree.go:53.2,53.12 1 1
voice/backend/space/internal/grpcsvc/tree.go:56.131,57.32 1 1
voice/backend/space/internal/grpcsvc/tree.go:57.32,59.3 1 0
voice/backend/space/internal/grpcsvc/tree.go:60.2,61.16 2 1
voice/backend/space/internal/grpcsvc/tree.go:61.16,63.3 1 0
voice/backend/space/internal/grpcsvc/tree.go:64.2,64.59 1 1
voice/backend/space/internal/grpcsvc/tree.go:64.59,66.3 1 1
voice/backend/space/internal/grpcsvc/tree.go:67.2,68.16 2 1
voice/backend/space/internal/grpcsvc/tree.go:68.16,70.3 1 0
voice/backend/space/internal/grpcsvc/tree.go:71.2,71.47 1 1
voice/backend/space/internal/grpcsvc/tree.go:74.134,75.32 1 1
voice/backend/space/internal/grpcsvc/tree.go:75.32,77.3 1 0
voice/backend/space/internal/grpcsvc/tree.go:78.2,79.16 2 1
voice/backend/space/internal/grpcsvc/tree.go:79.16,81.3 1 0
voice/backend/space/internal/grpcsvc/tree.go:82.2,82.58 1 1
voice/backend/space/internal/grpcsvc/tree.go:82.58,84.3 1 1
voice/backend/space/internal/grpcsvc/tree.go:85.2,86.16 2 1
voice/backend/space/internal/grpcsvc/tree.go:86.16,88.3 1 0
voice/backend/space/internal/grpcsvc/tree.go:89.2,89.80 1 1
voice/backend/space/internal/grpcsvc/tree.go:92.134,93.32 1 0
voice/backend/space/internal/grpcsvc/tree.go:93.32,95.3 1 0
voice/backend/space/internal/grpcsvc/tree.go:96.2,97.16 2 0
voice/backend/space/internal/grpcsvc/tree.go:97.16,99.3 1 0
voice/backend/space/internal/grpcsvc/tree.go:100.2,101.16 2 0
voice/backend/space/internal/grpcsvc/tree.go:101.16,103.3 1 0
voice/backend/space/internal/grpcsvc/tree.go:104.2,104.58 1 0
voice/backend/space/internal/grpcsvc/tree.go:104.58,106.3 1 0
voice/backend/space/internal/grpcsvc/tree.go:107.2,108.47 2 0
voice/backend/space/internal/grpcsvc/tree.go:108.47,110.3 1 0
voice/backend/space/internal/grpcsvc/tree.go:111.2,111.16 1 0
voice/backend/space/internal/grpcsvc/tree.go:111.16,113.3 1 0
voice/backend/space/internal/grpcsvc/tree.go:114.2,114.80 1 0
voice/backend/space/internal/grpcsvc/tree.go:117.134,118.32 1 0
voice/backend/space/internal/grpcsvc/tree.go:118.32,120.3 1 0
voice/backend/space/internal/grpcsvc/tree.go:121.2,122.16 2 0
voice/backend/space/internal/grpcsvc/tree.go:122.16,124.3 1 0
voice/backend/space/internal/grpcsvc/tree.go:126.2,127.16 2 0
voice/backend/space/internal/grpcsvc/tree.go:127.16,129.3 1 0
voice/backend/space/internal/grpcsvc/tree.go:130.2,130.58 1 0
voice/backend/space/internal/grpcsvc/tree.go:130.58,132.3 1 0
voice/backend/space/internal/grpcsvc/tree.go:133.2,133.64 1 0
voice/backend/space/internal/grpcsvc/tree.go:133.64,134.48 1 0
voice/backend/space/internal/grpcsvc/tree.go:134.48,136.4 1 0
voice/backend/space/internal/grpcsvc/tree.go:137.3,137.56 1 0
voice/backend/space/internal/grpcsvc/tree.go:139.2,139.47 1 0
voice/backend/space/internal/grpcsvc/tree.go:142.104,145.35 3 0
voice/backend/space/internal/grpcsvc/tree.go:145.35,147.3 1 0
voice/backend/space/internal/grpcsvc/tree.go:148.2,148.16 1 0
voice/backend/space/internal/grpcsvc/tree.go:148.16,150.3 1 0
voice/backend/space/internal/grpcsvc/tree.go:151.2,151.21 1 0
voice/backend/space/internal/grpcsvc/tree.go:154.137,155.32 1 1
voice/backend/space/internal/grpcsvc/tree.go:155.32,157.3 1 0
voice/backend/space/internal/grpcsvc/tree.go:158.2,159.16 2 1
voice/backend/space/internal/grpcsvc/tree.go:159.16,161.3 1 0
voice/backend/space/internal/grpcsvc/tree.go:162.2,162.58 1 1
voice/backend/space/internal/grpcsvc/tree.go:162.58,164.3 1 0
voice/backend/space/internal/grpcsvc/tree.go:165.2,166.44 2 1
voice/backend/space/internal/grpcsvc/tree.go:166.44,168.3 1 0
voice/backend/space/internal/grpcsvc/tree.go:169.2,169.16 1 1
voice/backend/space/internal/grpcsvc/tree.go:169.16,171.3 1 0
voice/backend/space/internal/grpcsvc/tree.go:172.2,173.26 2 1
voice/backend/space/internal/grpcsvc/tree.go:173.26,175.3 1 0
voice/backend/space/internal/grpcsvc/tree.go:176.2,176.84 1 1
voice/backend/space/internal/grpcsvc/tree.go:179.137,180.32 1 0
voice/backend/space/internal/grpcsvc/tree.go:180.32,182.3 1 0
voice/backend/space/internal/grpcsvc/tree.go:183.2,184.16 2 0
voice/backend/space/internal/grpcsvc/tree.go:184.16,186.3 1 0
voice/backend/space/internal/grpcsvc/tree.go:187.2,189.16 3 0
voice/backend/space/internal/grpcsvc/tree.go:189.16,191.3 1 0
voice/backend/space/internal/grpcsvc/tree.go:192.2,192.58 1 0
voice/backend/space/internal/grpcsvc/tree.go:192.58,194.3 1 0
voice/backend/space/internal/grpcsvc/tree.go:195.2,196.35 2 0
voice/backend/space/internal/grpcsvc/tree.go:196.35,198.3 1 0
voice/backend/space/internal/grpcsvc/tree.go:199.2,200.48 2 0
voice/backend/space/internal/grpcsvc/tree.go:200.48,202.3 1 0
voice/backend/space/internal/grpcsvc/tree.go:203.2,203.16 1 0
voice/backend/space/internal/grpcsvc/tree.go:203.16,205.3 1 0
voice/backend/space/internal/grpcsvc/tree.go:206.2,206.84 1 0
voice/backend/space/internal/grpcsvc/tree.go:209.137,210.32 1 0
voice/backend/space/internal/grpcsvc/tree.go:210.32,212.3 1 0
voice/backend/space/internal/grpcsvc/tree.go:213.2,214.16 2 0
voice/backend/space/internal/grpcsvc/tree.go:214.16,216.3 1 0
voice/backend/space/internal/grpcsvc/tree.go:217.2,224.35 4 0
voice/backend/space/internal/grpcsvc/tree.go:224.35,226.3 1 0
voice/backend/space/internal/grpcsvc/tree.go:227.2,227.16 1 0
voice/backend/space/internal/grpcsvc/tree.go:227.16,229.3 1 0
voice/backend/space/internal/grpcsvc/tree.go:230.2,230.58 1 0
voice/backend/space/internal/grpcsvc/tree.go:230.58,232.3 1 0
voice/backend/space/internal/grpcsvc/tree.go:233.2,233.66 1 0
voice/backend/space/internal/grpcsvc/tree.go:233.66,234.49 1 0
voice/backend/space/internal/grpcsvc/tree.go:234.49,236.4 1 0
voice/backend/space/internal/grpcsvc/tree.go:237.3,237.56 1 0
voice/backend/space/internal/grpcsvc/tree.go:239.2,239.18 1 0
voice/backend/space/internal/grpcsvc/tree.go:239.18,240.66 1 0
voice/backend/space/internal/grpcsvc/tree.go:240.66,242.4 1 0
voice/backend/space/internal/grpcsvc/tree.go:244.2,244.26 1 0
voice/backend/space/internal/grpcsvc/tree.go:244.26,246.3 1 0
voice/backend/space/internal/grpcsvc/tree.go:247.2,247.48 1 0
voice/backend/space/internal/grpcsvc/tree.go:250.134,251.32 1 1
voice/backend/space/internal/grpcsvc/tree.go:251.32,253.3 1 0
voice/backend/space/internal/grpcsvc/tree.go:254.2,255.16 2 1
voice/backend/space/internal/grpcsvc/tree.go:255.16,257.3 1 0
voice/backend/space/internal/grpcsvc/tree.go:258.2,258.58 1 1
voice/backend/space/internal/grpcsvc/tree.go:258.58,260.3 1 0
voice/backend/space/internal/grpcsvc/tree.go:262.2,266.48 2 1
voice/backend/space/internal/grpcsvc/tree.go:266.48,268.22 2 0
voice/backend/space/internal/grpcsvc/tree.go:268.22,270.4 1 0
voice/backend/space/internal/grpcsvc/tree.go:271.3,271.19 1 0
voice/backend/space/internal/grpcsvc/tree.go:273.2,273.56 1 1
voice/backend/space/internal/grpcsvc/tree.go:273.56,275.22 2 1
voice/backend/space/internal/grpcsvc/tree.go:275.22,277.4 1 0
voice/backend/space/internal/grpcsvc/tree.go:278.3,278.23 1 1
voice/backend/space/internal/grpcsvc/tree.go:280.2,280.26 1 1
voice/backend/space/internal/grpcsvc/tree.go:280.26,283.3 2 0
voice/backend/space/internal/grpcsvc/tree.go:284.2,284.25 1 1
voice/backend/space/internal/grpcsvc/tree.go:284.25,287.3 2 0
voice/backend/space/internal/grpcsvc/tree.go:288.2,288.62 1 1
voice/backend/space/internal/grpcsvc/tree.go:288.62,290.22 2 1
voice/backend/space/internal/grpcsvc/tree.go:290.22,292.4 1 0
voice/backend/space/internal/grpcsvc/tree.go:293.3,293.19 1 1
voice/backend/space/internal/grpcsvc/tree.go:295.2,295.58 1 1
voice/backend/space/internal/grpcsvc/tree.go:295.58,297.22 2 0
voice/backend/space/internal/grpcsvc/tree.go:297.22,299.4 1 0
voice/backend/space/internal/grpcsvc/tree.go:300.3,300.24 1 0
voice/backend/space/internal/grpcsvc/tree.go:303.2,304.44 2 1
voice/backend/space/internal/grpcsvc/tree.go:304.44,306.3 1 0
voice/backend/space/internal/grpcsvc/tree.go:307.2,307.91 1 1
voice/backend/space/internal/grpcsvc/tree.go:307.91,309.3 1 0
voice/backend/space/internal/grpcsvc/tree.go:310.2,310.16 1 1
voice/backend/space/internal/grpcsvc/tree.go:310.16,312.3 1 0
voice/backend/space/internal/grpcsvc/tree.go:313.2,314.91 2 1
voice/backend/space/internal/grpcsvc/tree.go:317.134,318.32 1 0
voice/backend/space/internal/grpcsvc/tree.go:318.32,320.3 1 0
voice/backend/space/internal/grpcsvc/tree.go:321.2,322.16 2 0
voice/backend/space/internal/grpcsvc/tree.go:322.16,324.3 1 0
voice/backend/space/internal/grpcsvc/tree.go:325.2,326.16 2 0
voice/backend/space/internal/grpcsvc/tree.go:326.16,328.3 1 0
voice/backend/space/internal/grpcsvc/tree.go:329.2,329.58 1 0
voice/backend/space/internal/grpcsvc/tree.go:329.58,331.3 1 0
voice/backend/space/internal/grpcsvc/tree.go:332.2,332.69 1 0
voice/backend/space/internal/grpcsvc/tree.go:332.69,333.48 1 0
voice/backend/space/internal/grpcsvc/tree.go:333.48,335.4 1 0
voice/backend/space/internal/grpcsvc/tree.go:336.3,336.56 1 0
voice/backend/space/internal/grpcsvc/tree.go:338.2,339.47 2 0
voice/backend/space/internal/grpcsvc/tree.go:342.140,343.32 1 1
voice/backend/space/internal/grpcsvc/tree.go:343.32,345.3 1 0
voice/backend/space/internal/grpcsvc/tree.go:346.2,347.16 2 1
voice/backend/space/internal/grpcsvc/tree.go:347.16,349.3 1 0
voice/backend/space/internal/grpcsvc/tree.go:350.2,350.58 1 1
voice/backend/space/internal/grpcsvc/tree.go:350.58,352.3 1 0
voice/backend/space/internal/grpcsvc/tree.go:353.2,354.46 2 1
voice/backend/space/internal/grpcsvc/tree.go:354.46,356.22 2 1
voice/backend/space/internal/grpcsvc/tree.go:356.22,358.4 1 0
voice/backend/space/internal/grpcsvc/tree.go:359.3,359.24 1 1
voice/backend/space/internal/grpcsvc/tree.go:361.2,361.68 1 1
voice/backend/space/internal/grpcsvc/tree.go:361.68,362.46 1 0
voice/backend/space/internal/grpcsvc/tree.go:362.46,364.4 1 0
voice/backend/space/internal/grpcsvc/tree.go:365.3,365.56 1 0
voice/backend/space/internal/grpcsvc/tree.go:367.2,367.49 1 1
voice/backend/space/internal/grpcsvc/tree.go:370.106,371.41 1 1
voice/backend/space/internal/grpcsvc/tree.go:371.41,373.3 1 1
voice/backend/space/internal/grpcsvc/tree.go:374.2,375.24 2 0
voice/backend/space/internal/grpcsvc/tree.go:375.24,377.3 1 0
voice/backend/space/internal/grpcsvc/tree.go:378.2,378.29 1 0
voice/backend/space/internal/grpcsvc/tree.go:378.29,380.3 1 0
voice/backend/space/internal/grpcsvc/tree.go:381.2,381.135 1 0
voice/backend/space/internal/grpcsvc/tree.go:381.135,383.3 1 0
voice/backend/space/internal/grpcsvc/tree.go:386.88,387.26 1 0
voice/backend/space/internal/grpcsvc/tree.go:387.26,389.3 1 0
voice/backend/space/internal/grpcsvc/tree.go:390.2,390.101 1 0
voice/backend/space/internal/grpcsvc/tree.go:390.101,392.3 1 0
voice/backend/space/internal/grpcsvc/tree.go:395.121,396.17 1 1
voice/backend/space/internal/grpcsvc/tree.go:396.17,398.3 1 0
voice/backend/space/internal/grpcsvc/tree.go:399.2,405.36 3 1
voice/backend/space/internal/grpcsvc/tree.go:405.36,407.3 1 1
voice/backend/space/internal/grpcsvc/tree.go:408.2,408.31 1 1
voice/backend/space/internal/grpcsvc/tree.go:408.31,410.3 1 1
voice/backend/space/internal/grpcsvc/tree.go:411.2,411.36 1 1
voice/backend/space/internal/grpcsvc/tree.go:411.36,413.3 1 1
voice/backend/space/internal/grpcsvc/tree.go:414.2,414.12 1 1
voice/backend/space/internal/grpcsvc/tree.go:417.108,418.51 1 1
voice/backend/space/internal/grpcsvc/tree.go:418.51,420.3 1 1
voice/backend/space/internal/grpcsvc/tree.go:421.2,423.26 3 1
voice/backend/space/internal/grpcsvc/tree.go:423.26,424.59 1 1
voice/backend/space/internal/grpcsvc/tree.go:424.59,425.12 1 0
voice/backend/space/internal/grpcsvc/tree.go:427.3,427.35 1 1
voice/backend/space/internal/grpcsvc/tree.go:427.35,428.12 1 0
voice/backend/space/internal/grpcsvc/tree.go:430.3,431.31 2 1
voice/backend/space/internal/grpcsvc/tree.go:433.2,433.19 1 1
voice/backend/space/internal/grpcsvc/tree.go:433.19,435.3 1 0
voice/backend/space/internal/grpcsvc/tree.go:436.2,437.16 2 1
voice/backend/space/internal/grpcsvc/tree.go:437.16,440.3 2 0
voice/backend/space/internal/grpcsvc/tree.go:441.2,441.13 1 1
voice/backend/space/internal/grpcsvc/tree.go:444.65,445.14 1 1
voice/backend/space/internal/grpcsvc/tree.go:445.14,447.3 1 0
voice/backend/space/internal/grpcsvc/tree.go:448.2,453.3 1 1
voice/backend/space/internal/grpcsvc/tree.go:456.68,457.14 1 1
voice/backend/space/internal/grpcsvc/tree.go:457.14,459.3 1 0
voice/backend/space/internal/grpcsvc/tree.go:460.2,465.3 1 1
voice/backend/space/internal/grpcsvc/tree.go:468.103,469.14 1 1
voice/backend/space/internal/grpcsvc/tree.go:469.14,471.3 1 0
voice/backend/space/internal/grpcsvc/tree.go:472.2,479.25 2 1
voice/backend/space/internal/grpcsvc/tree.go:479.25,482.3 2 1
voice/backend/space/internal/grpcsvc/tree.go:483.2,483.21 1 1
voice/backend/space/internal/grpcsvc/tree.go:483.21,485.22 2 1
voice/backend/space/internal/grpcsvc/tree.go:485.22,486.43 1 1
voice/backend/space/internal/grpcsvc/tree.go:486.43,489.24 3 1
voice/backend/space/internal/grpcsvc/tree.go:489.24,492.6 2 1
voice/backend/space/internal/grpcsvc/tree.go:495.3,495.23 1 1
voice/backend/space/internal/grpcsvc/tree.go:497.2,497.26 1 1
voice/backend/space/internal/grpcsvc/tree.go:497.26,500.3 2 1
voice/backend/space/internal/grpcsvc/tree.go:501.2,501.12 1 1
