mode: set
voice/backend/user/internal/grpcsvc/privacy.go:18.143,20.16 2 1
voice/backend/user/internal/grpcsvc/privacy.go:20.16,22.3 1 0
voice/backend/user/internal/grpcsvc/privacy.go:23.2,24.25 2 1
voice/backend/user/internal/grpcsvc/privacy.go:24.25,26.3 1 0
voice/backend/user/internal/grpcsvc/privacy.go:28.2,29.16 2 1
voice/backend/user/internal/grpcsvc/privacy.go:29.16,31.3 1 0
voice/backend/user/internal/grpcsvc/privacy.go:32.2,32.16 1 1
voice/backend/user/internal/grpcsvc/privacy.go:32.16,34.17 2 1
voice/backend/user/internal/grpcsvc/privacy.go:34.17,36.4 1 0
voice/backend/user/internal/grpcsvc/privacy.go:38.2,38.89 1 1
voice/backend/user/internal/grpcsvc/privacy.go:41.152,43.9 2 1
voice/backend/user/internal/grpcsvc/privacy.go:43.9,45.3 1 0
voice/backend/user/internal/grpcsvc/privacy.go:46.2,47.16 2 1
voice/backend/user/internal/grpcsvc/privacy.go:47.16,49.3 1 0
voice/backend/user/internal/grpcsvc/privacy.go:50.2,51.52 2 1
voice/backend/user/internal/grpcsvc/privacy.go:51.52,53.3 1 0
voice/backend/user/internal/grpcsvc/privacy.go:54.2,54.23 1 1
voice/backend/user/internal/grpcsvc/privacy.go:54.23,56.17 2 1
voice/backend/user/internal/grpcsvc/privacy.go:56.17,58.4 1 1
voice/backend/user/internal/grpcsvc/privacy.go:59.3,59.17 1 0
voice/backend/user/internal/grpcsvc/privacy.go:59.17,61.4 1 0
voice/backend/user/internal/grpcsvc/privacy.go:62.3,62.33 1 0
voice/backend/user/internal/grpcsvc/privacy.go:62.33,64.4 1 0
voice/backend/user/internal/grpcsvc/privacy.go:66.2,67.15 2 0
voice/backend/user/internal/grpcsvc/privacy.go:67.15,69.3 1 0
voice/backend/user/internal/grpcsvc/privacy.go:70.2,70.89 1 0
voice/backend/user/internal/grpcsvc/privacy.go:70.89,72.3 1 0
voice/backend/user/internal/grpcsvc/privacy.go:73.2,73.52 1 0
voice/backend/user/internal/grpcsvc/privacy.go:73.52,75.3 1 0
voice/backend/user/internal/grpcsvc/privacy.go:76.2,77.25 2 0
voice/backend/user/internal/grpcsvc/privacy.go:77.25,79.3 1 0
voice/backend/user/internal/grpcsvc/privacy.go:80.2,92.16 2 0
voice/backend/user/internal/grpcsvc/privacy.go:92.16,94.3 1 0
voice/backend/user/internal/grpcsvc/privacy.go:95.2,95.94 1 0
voice/backend/user/internal/grpcsvc/privacy.go:98.55,99.14 1 1
voice/backend/user/internal/grpcsvc/privacy.go:99.14,101.3 1 0
voice/backend/user/internal/grpcsvc/privacy.go:102.2,102.22 1 1
voice/backend/user/internal/grpcsvc/privacy.go:102.22,104.3 1 0
voice/backend/user/internal/grpcsvc/privacy.go:105.2,105.51 1 1
voice/backend/user/internal/grpcsvc/privacy.go:105.51,107.3 1 1
voice/backend/user/internal/grpcsvc/privacy.go:108.2,108.18 1 1
voice/backend/user/internal/grpcsvc/privacy.go:111.64,112.57 1 0
voice/backend/user/internal/grpcsvc/privacy.go:112.57,113.29 1 0
voice/backend/user/internal/grpcsvc/privacy.go:113.29,114.14 1 0
voice/backend/user/internal/grpcsvc/privacy.go:114.14,116.5 1 0
voice/backend/user/internal/grpcsvc/privacy.go:118.3,118.69 1 0
voice/backend/user/internal/grpcsvc/privacy.go:120.2,120.105 1 0
voice/backend/user/internal/grpcsvc/privacy.go:120.105,122.3 1 0
voice/backend/user/internal/grpcsvc/privacy.go:123.2,123.139 1 0
voice/backend/user/internal/grpcsvc/privacy.go:123.139,125.3 1 0
voice/backend/user/internal/grpcsvc/privacy.go:126.2,126.148 1 0
voice/backend/user/internal/grpcsvc/privacy.go:126.148,128.3 1 0
voice/backend/user/internal/grpcsvc/privacy.go:129.2,129.144 1 0
voice/backend/user/internal/grpcsvc/privacy.go:129.144,131.3 1 0
voice/backend/user/internal/grpcsvc/privacy.go:132.2,132.125 1 0
voice/backend/user/internal/grpcsvc/privacy.go:132.125,134.3 1 0
voice/backend/user/internal/grpcsvc/privacy.go:135.2,135.141 1 0
voice/backend/user/internal/grpcsvc/privacy.go:135.141,137.3 1 0
voice/backend/user/internal/grpcsvc/privacy.go:138.2,138.133 1 0
voice/backend/user/internal/grpcsvc/privacy.go:138.133,140.3 1 0
voice/backend/user/internal/grpcsvc/privacy.go:141.2,141.147 1 0
voice/backend/user/internal/grpcsvc/privacy.go:141.147,143.3 1 0
voice/backend/user/internal/grpcsvc/privacy.go:144.2,144.12 1 0
voice/backend/user/internal/grpcsvc/privacy.go:147.71,148.16 1 1
voice/backend/user/internal/grpcsvc/privacy.go:148.16,150.3 1 0
voice/backend/user/internal/grpcsvc/privacy.go:151.2,163.3 1 1
voice/backend/user/internal/grpcsvc/privacy.go:166.60,168.16 2 1
voice/backend/user/internal/grpcsvc/privacy.go:168.16,170.3 1 0
voice/backend/user/internal/grpcsvc/privacy.go:171.2,171.16 1 1
voice/backend/user/internal/grpcsvc/social_blocks.go:24.73,26.2 1 0
voice/backend/user/internal/grpcsvc/social_blocks.go:28.125,29.33 1 0
voice/backend/user/internal/grpcsvc/social_blocks.go:29.33,31.3 1 0
voice/backend/user/internal/grpcsvc/social_blocks.go:32.2,32.39 1 0
voice/backend/user/internal/grpcsvc/social_blocks.go:32.39,34.3 1 0
voice/backend/user/internal/grpcsvc/social_blocks.go:35.2,39.16 2 0
voice/backend/user/internal/grpcsvc/social_blocks.go:39.16,41.3 1 0
voice/backend/user/internal/grpcsvc/social_blocks.go:42.2,42.21 1 0
voice/backend/user/internal/grpcsvc/social_blocks.go:42.21,44.3 1 0
voice/backend/user/internal/grpcsvc/social_blocks.go:45.2,49.16 2 0
voice/backend/user/internal/grpcsvc/social_blocks.go:49.16,51.3 1 0
voice/backend/user/internal/grpcsvc/social_blocks.go:52.2,52.29 1 0
voice/backend/user/internal/grpcsvc/user.go:40.119,41.33 1 1
voice/backend/user/internal/grpcsvc/user.go:42.43,44.17 2 1
voice/backend/user/internal/grpcsvc/user.go:44.17,46.4 1 1
voice/backend/user/internal/grpcsvc/user.go:47.3,48.17 2 1
voice/backend/user/internal/grpcsvc/user.go:48.17,50.4 1 0
voice/backend/user/internal/grpcsvc/user.go:51.3,51.17 1 1
voice/backend/user/internal/grpcsvc/user.go:51.17,53.4 1 1
voice/backend/user/internal/grpcsvc/user.go:54.3,54.67 1 1
voice/backend/user/internal/grpcsvc/user.go:56.42,58.17 2 1
voice/backend/user/internal/grpcsvc/user.go:58.17,60.4 1 1
voice/backend/user/internal/grpcsvc/user.go:61.3,62.17 2 1
voice/backend/user/internal/grpcsvc/user.go:62.17,64.4 1 0
voice/backend/user/internal/grpcsvc/user.go:65.3,65.17 1 1
voice/backend/user/internal/grpcsvc/user.go:65.17,67.4 1 0
voice/backend/user/internal/grpcsvc/user.go:68.3,68.67 1 1
voice/backend/user/internal/grpcsvc/user.go:70.10,71.85 1 0
voice/backend/user/internal/grpcsvc/user.go:75.122,77.19 2 1
voice/backend/user/internal/grpcsvc/user.go:77.19,79.3 1 0
voice/backend/user/internal/grpcsvc/user.go:80.2,81.26 2 1
voice/backend/user/internal/grpcsvc/user.go:81.26,83.17 2 1
voice/backend/user/internal/grpcsvc/user.go:83.17,85.4 1 1
voice/backend/user/internal/grpcsvc/user.go:86.3,86.24 1 1
voice/backend/user/internal/grpcsvc/user.go:88.2,89.16 2 1
voice/backend/user/internal/grpcsvc/user.go:89.16,91.3 1 0
voice/backend/user/internal/grpcsvc/user.go:92.2,93.25 2 1
voice/backend/user/internal/grpcsvc/user.go:93.25,95.3 1 1
voice/backend/user/internal/grpcsvc/user.go:96.2,96.90 1 1
voice/backend/user/internal/grpcsvc/user.go:99.128,101.9 2 1
voice/backend/user/internal/grpcsvc/user.go:101.9,103.3 1 0
voice/backend/user/internal/grpcsvc/user.go:104.2,105.16 2 1
voice/backend/user/internal/grpcsvc/user.go:105.16,107.3 1 0
voice/backend/user/internal/grpcsvc/user.go:109.2,110.28 2 1
voice/backend/user/internal/grpcsvc/user.go:110.28,112.54 2 1
voice/backend/user/internal/grpcsvc/user.go:112.54,114.4 1 0
voice/backend/user/internal/grpcsvc/user.go:115.3,115.23 1 1
voice/backend/user/internal/grpcsvc/user.go:117.2,117.26 1 1
voice/backend/user/internal/grpcsvc/user.go:117.26,119.14 2 1
voice/backend/user/internal/grpcsvc/user.go:119.14,122.4 2 0
voice/backend/user/internal/grpcsvc/user.go:122.9,124.18 2 1
voice/backend/user/internal/grpcsvc/user.go:124.18,125.12 1 1
voice/backend/user/internal/grpcsvc/user.go:126.80,127.36 1 1
voice/backend/user/internal/grpcsvc/user.go:128.74,130.67 2 1
voice/backend/user/internal/grpcsvc/user.go:131.13,132.133 1 1
voice/backend/user/internal/grpcsvc/user.go:134.10,134.78 1 0
voice/backend/user/internal/grpcsvc/user.go:134.78,137.5 2 0
voice/backend/user/internal/grpcsvc/user.go:137.10,139.5 1 0
voice/backend/user/internal/grpcsvc/user.go:142.2,142.20 1 1
voice/backend/user/internal/grpcsvc/user.go:142.20,143.26 1 1
voice/backend/user/internal/grpcsvc/user.go:143.26,145.4 1 0
voice/backend/user/internal/grpcsvc/user.go:146.3,146.19 1 1
voice/backend/user/internal/grpcsvc/user.go:148.2,148.26 1 1
voice/backend/user/internal/grpcsvc/user.go:148.26,150.24 2 1
voice/backend/user/internal/grpcsvc/user.go:150.24,152.4 1 1
voice/backend/user/internal/grpcsvc/user.go:153.3,154.20 2 0
voice/backend/user/internal/grpcsvc/user.go:156.2,156.23 1 1
voice/backend/user/internal/grpcsvc/user.go:156.23,158.29 2 1
voice/backend/user/internal/grpcsvc/user.go:158.29,160.4 1 0
voice/backend/user/internal/grpcsvc/user.go:161.3,161.17 1 1
voice/backend/user/internal/grpcsvc/user.go:163.2,163.22 1 1
voice/backend/user/internal/grpcsvc/user.go:163.22,165.58 2 1
voice/backend/user/internal/grpcsvc/user.go:165.58,167.4 1 0
voice/backend/user/internal/grpcsvc/user.go:168.3,168.16 1 1
voice/backend/user/internal/grpcsvc/user.go:172.2,173.16 2 1
voice/backend/user/internal/grpcsvc/user.go:173.16,175.3 1 0
voice/backend/user/internal/grpcsvc/user.go:176.2,176.16 1 1
voice/backend/user/internal/grpcsvc/user.go:176.16,178.3 1 1
voice/backend/user/internal/grpcsvc/user.go:179.2,179.21 1 1
voice/backend/user/internal/grpcsvc/user.go:179.21,181.28 2 0
voice/backend/user/internal/grpcsvc/user.go:181.28,183.4 1 0
voice/backend/user/internal/grpcsvc/user.go:184.3,184.26 1 0
voice/backend/user/internal/grpcsvc/user.go:184.26,186.4 1 0
voice/backend/user/internal/grpcsvc/user.go:187.3,187.20 1 0
voice/backend/user/internal/grpcsvc/user.go:187.20,189.4 1 0
voice/backend/user/internal/grpcsvc/user.go:190.3,190.26 1 0
voice/backend/user/internal/grpcsvc/user.go:190.26,192.4 1 0
voice/backend/user/internal/grpcsvc/user.go:193.3,193.23 1 0
voice/backend/user/internal/grpcsvc/user.go:193.23,195.4 1 0
voice/backend/user/internal/grpcsvc/user.go:196.3,196.22 1 0
voice/backend/user/internal/grpcsvc/user.go:196.22,198.4 1 0
voice/backend/user/internal/grpcsvc/user.go:199.3,200.103 2 0
voice/backend/user/internal/grpcsvc/user.go:202.2,202.69 1 1
voice/backend/user/internal/grpcsvc/user.go:205.128,207.9 2 1
voice/backend/user/internal/grpcsvc/user.go:207.9,209.3 1 0
voice/backend/user/internal/grpcsvc/user.go:210.2,212.16 3 1
voice/backend/user/internal/grpcsvc/user.go:212.16,214.3 1 0
voice/backend/user/internal/grpcsvc/user.go:215.2,215.45 1 1
voice/backend/user/internal/grpcsvc/user.go:215.45,217.3 1 1
voice/backend/user/internal/grpcsvc/user.go:218.2,219.53 2 1
voice/backend/user/internal/grpcsvc/user.go:219.53,221.3 1 0
voice/backend/user/internal/grpcsvc/user.go:222.2,223.25 2 1
voice/backend/user/internal/grpcsvc/user.go:223.25,225.14 2 0
voice/backend/user/internal/grpcsvc/user.go:225.14,227.4 1 0
voice/backend/user/internal/grpcsvc/user.go:228.3,228.20 1 0
voice/backend/user/internal/grpcsvc/user.go:230.2,231.16 2 1
voice/backend/user/internal/grpcsvc/user.go:231.16,233.3 1 0
voice/backend/user/internal/grpcsvc/user.go:234.2,234.21 1 1
voice/backend/user/internal/grpcsvc/user.go:234.21,236.3 1 0
voice/backend/user/internal/grpcsvc/user.go:237.2,237.69 1 1
voice/backend/user/internal/grpcsvc/user.go:240.128,242.9 2 1
voice/backend/user/internal/grpcsvc/user.go:242.9,244.3 1 0
voice/backend/user/internal/grpcsvc/user.go:245.2,245.23 1 1
voice/backend/user/internal/grpcsvc/user.go:245.23,247.3 1 0
voice/backend/user/internal/grpcsvc/user.go:248.2,249.20 2 1
voice/backend/user/internal/grpcsvc/user.go:249.20,250.72 1 1
voice/backend/user/internal/grpcsvc/user.go:250.72,252.4 1 0
voice/backend/user/internal/grpcsvc/user.go:254.2,255.16 2 1
voice/backend/user/internal/grpcsvc/user.go:255.16,257.3 1 0
voice/backend/user/internal/grpcsvc/user.go:258.2,259.16 2 1
voice/backend/user/internal/grpcsvc/user.go:259.16,261.3 1 0
voice/backend/user/internal/grpcsvc/user.go:262.2,262.16 1 1
voice/backend/user/internal/grpcsvc/user.go:262.16,264.3 1 0
voice/backend/user/internal/grpcsvc/user.go:265.2,265.25 1 1
voice/backend/user/internal/grpcsvc/user.go:265.25,267.3 1 1
voice/backend/user/internal/grpcsvc/user.go:268.2,268.69 1 0
voice/backend/user/internal/grpcsvc/user.go:271.129,273.9 2 1
voice/backend/user/internal/grpcsvc/user.go:273.9,275.3 1 1
voice/backend/user/internal/grpcsvc/user.go:276.2,276.23 1 0
voice/backend/user/internal/grpcsvc/user.go:276.23,278.3 1 0
voice/backend/user/internal/grpcsvc/user.go:279.2,280.16 2 0
voice/backend/user/internal/grpcsvc/user.go:280.16,282.3 1 0
voice/backend/user/internal/grpcsvc/user.go:283.2,284.25 2 0
voice/backend/user/internal/grpcsvc/user.go:284.25,286.3 1 0
voice/backend/user/internal/grpcsvc/user.go:287.2,289.8 1 0
voice/backend/user/internal/grpcsvc/user.go:292.72,295.29 3 1
voice/backend/user/internal/grpcsvc/user.go:295.29,297.3 1 1
voice/backend/user/internal/grpcsvc/user.go:298.2,299.17 2 1
voice/backend/user/internal/grpcsvc/user.go:299.17,301.3 1 1
voice/backend/user/internal/grpcsvc/user.go:302.2,302.22 1 1
voice/backend/user/internal/grpcsvc/user.go:302.22,303.25 1 1
voice/backend/user/internal/grpcsvc/user.go:303.25,305.4 1 1
voice/backend/user/internal/grpcsvc/user.go:307.2,307.32 1 1
voice/backend/user/internal/grpcsvc/user.go:307.32,309.3 1 0
voice/backend/user/internal/grpcsvc/user.go:310.2,310.18 1 1
voice/backend/user/internal/grpcsvc/user.go:313.54,327.24 2 1
voice/backend/user/internal/grpcsvc/user.go:327.24,329.3 1 1
voice/backend/user/internal/grpcsvc/user.go:330.2,330.18 1 1
voice/backend/user/internal/grpcsvc/user.go:330.18,332.3 1 1
voice/backend/user/internal/grpcsvc/user.go:333.2,333.32 1 1
voice/backend/user/internal/grpcsvc/user.go:333.32,335.3 1 0
voice/backend/user/internal/grpcsvc/user.go:336.2,336.12 1 1
voice/backend/user/internal/grpcsvc/user.go:339.80,345.26 2 1
voice/backend/user/internal/grpcsvc/user.go:345.26,347.3 1 1
voice/backend/user/internal/grpcsvc/user.go:348.2,348.12 1 1
voice/backend/user/internal/grpcsvc/user.go:351.55,352.42 1 1
voice/backend/user/internal/grpcsvc/user.go:352.42,354.3 1 1
voice/backend/user/internal/grpcsvc/user.go:355.2,355.12 1 1
voice/backend/user/internal/grpcsvc/user.go:358.141,360.9 2 1
voice/backend/user/internal/grpcsvc/user.go:360.9,362.3 1 1
voice/backend/user/internal/grpcsvc/user.go:363.2,364.16 2 1
voice/backend/user/internal/grpcsvc/user.go:364.16,365.36 1 1
voice/backend/user/internal/grpcsvc/user.go:365.36,367.4 1 1
voice/backend/user/internal/grpcsvc/user.go:368.3,368.56 1 0
voice/backend/user/internal/grpcsvc/user.go:370.2,370.92 1 1
voice/backend/user/internal/grpcsvc/user.go:373.155,375.9 2 1
voice/backend/user/internal/grpcsvc/user.go:375.9,377.3 1 0
voice/backend/user/internal/grpcsvc/user.go:378.2,379.16 2 1
voice/backend/user/internal/grpcsvc/user.go:379.16,380.53 1 1
voice/backend/user/internal/grpcsvc/user.go:380.53,382.4 1 1
voice/backend/user/internal/grpcsvc/user.go:383.3,383.36 1 0
voice/backend/user/internal/grpcsvc/user.go:383.36,385.4 1 0
voice/backend/user/internal/grpcsvc/user.go:386.3,386.56 1 0
voice/backend/user/internal/grpcsvc/user.go:388.2,388.96 1 1
voice/backend/user/internal/grpcsvc/user_avatar.go:25.170,27.9 2 1
voice/backend/user/internal/grpcsvc/user_avatar.go:27.9,29.3 1 1
voice/backend/user/internal/grpcsvc/user_avatar.go:30.2,30.30 1 1
voice/backend/user/internal/grpcsvc/user_avatar.go:30.30,32.3 1 0
voice/backend/user/internal/grpcsvc/user_avatar.go:33.2,34.16 2 1
voice/backend/user/internal/grpcsvc/user_avatar.go:34.16,36.3 1 1
voice/backend/user/internal/grpcsvc/user_avatar.go:37.2,39.86 3 1
voice/backend/user/internal/grpcsvc/user_avatar.go:39.86,41.3 1 1
voice/backend/user/internal/grpcsvc/user_avatar.go:42.2,42.64 1 1
voice/backend/user/internal/grpcsvc/user_avatar.go:42.64,44.3 1 1
voice/backend/user/internal/grpcsvc/user_avatar.go:45.2,47.15 3 1
voice/backend/user/internal/grpcsvc/user_avatar.go:47.15,49.3 1 0
voice/backend/user/internal/grpcsvc/user_avatar.go:50.2,51.16 2 1
voice/backend/user/internal/grpcsvc/user_avatar.go:51.16,53.3 1 0
voice/backend/user/internal/grpcsvc/user_avatar.go:54.2,54.46 1 1
voice/backend/user/internal/grpcsvc/user_avatar.go:54.46,56.3 1 1
voice/backend/user/internal/grpcsvc/user_avatar.go:57.2,59.16 3 1
voice/backend/user/internal/grpcsvc/user_avatar.go:59.16,61.3 1 0
voice/backend/user/internal/grpcsvc/user_avatar.go:62.2,71.8 2 1
voice/backend/user/internal/grpcsvc/user_presence.go:22.131,23.23 1 1
voice/backend/user/internal/grpcsvc/user_presence.go:23.23,25.3 1 1
voice/backend/user/internal/grpcsvc/user_presence.go:26.2,27.9 2 1
voice/backend/user/internal/grpcsvc/user_presence.go:27.9,29.3 1 1
voice/backend/user/internal/grpcsvc/user_presence.go:30.2,31.16 2 1
voice/backend/user/internal/grpcsvc/user_presence.go:31.16,33.3 1 1
voice/backend/user/internal/grpcsvc/user_presence.go:34.2,35.16 2 1
voice/backend/user/internal/grpcsvc/user_presence.go:35.16,37.3 1 1
voice/backend/user/internal/grpcsvc/user_presence.go:38.2,46.62 2 1
voice/backend/user/internal/grpcsvc/user_presence.go:46.62,48.3 1 0
voice/backend/user/internal/grpcsvc/user_presence.go:49.2,49.46 1 1
voice/backend/user/internal/grpcsvc/user_presence.go:52.122,53.23 1 1
voice/backend/user/internal/grpcsvc/user_presence.go:53.23,55.3 1 1
voice/backend/user/internal/grpcsvc/user_presence.go:56.2,57.16 2 1
voice/backend/user/internal/grpcsvc/user_presence.go:57.16,59.3 1 1
voice/backend/user/internal/grpcsvc/user_presence.go:60.2,61.16 2 1
voice/backend/user/internal/grpcsvc/user_presence.go:61.16,63.3 1 0
voice/backend/user/internal/grpcsvc/user_presence.go:64.2,64.99 1 1
voice/backend/user/internal/grpcsvc/user_presence.go:67.134,68.23 1 1
voice/backend/user/internal/grpcsvc/user_presence.go:68.23,70.3 1 1
voice/backend/user/internal/grpcsvc/user_presence.go:71.2,72.19 2 1
voice/backend/user/internal/grpcsvc/user_presence.go:72.19,74.3 1 1
voice/backend/user/internal/grpcsvc/user_presence.go:75.2,76.26 2 1
voice/backend/user/internal/grpcsvc/user_presence.go:76.26,78.17 2 1
voice/backend/user/internal/grpcsvc/user_presence.go:78.17,80.4 1 0
voice/backend/user/internal/grpcsvc/user_presence.go:81.3,81.24 1 1
voice/backend/user/internal/grpcsvc/user_presence.go:83.2,84.16 2 1
voice/backend/user/internal/grpcsvc/user_presence.go:84.16,86.3 1 0
voice/backend/user/internal/grpcsvc/user_presence.go:87.2,88.26 2 1
voice/backend/user/internal/grpcsvc/user_presence.go:88.26,90.3 1 1
voice/backend/user/internal/grpcsvc/user_presence.go:91.2,91.63 1 1
voice/backend/user/internal/grpcsvc/user_presence.go:94.107,95.43 1 1
voice/backend/user/internal/grpcsvc/user_presence.go:95.43,97.17 2 1
voice/backend/user/internal/grpcsvc/user_presence.go:97.17,99.4 1 0
voice/backend/user/internal/grpcsvc/user_presence.go:100.3,100.47 1 1
voice/backend/user/internal/grpcsvc/user_presence.go:100.47,102.4 1 1
voice/backend/user/internal/grpcsvc/user_presence.go:103.3,103.18 1 1
voice/backend/user/internal/grpcsvc/user_presence.go:105.2,106.16 2 1
voice/backend/user/internal/grpcsvc/user_presence.go:106.16,107.36 1 0
voice/backend/user/internal/grpcsvc/user_presence.go:107.36,109.4 1 0
voice/backend/user/internal/grpcsvc/user_presence.go:110.3,110.61 1 0
voice/backend/user/internal/grpcsvc/user_presence.go:112.2,112.17 1 1
voice/backend/user/internal/grpcsvc/user_presence.go:115.114,116.91 1 1
voice/backend/user/internal/grpcsvc/user_presence.go:116.91,119.3 2 1
voice/backend/user/internal/grpcsvc/user_presence.go:120.2,121.14 2 1
voice/backend/user/internal/grpcsvc/user_presence.go:121.14,123.3 1 1
voice/backend/user/internal/grpcsvc/user_presence.go:124.2,125.9 2 1
voice/backend/user/internal/grpcsvc/user_presence.go:125.9,127.3 1 1
voice/backend/user/internal/grpcsvc/user_presence.go:128.2,128.26 1 1
voice/backend/user/internal/grpcsvc/user_presence.go:131.74,132.11 1 1
voice/backend/user/internal/grpcsvc/user_presence.go:133.65,134.18 1 0
voice/backend/user/internal/grpcsvc/user_presence.go:135.63,136.16 1 0
voice/backend/user/internal/grpcsvc/user_presence.go:137.62,138.15 1 1
voice/backend/user/internal/grpcsvc/user_presence.go:139.68,140.21 1 0
voice/backend/user/internal/grpcsvc/user_presence.go:141.10,142.12 1 0
voice/backend/user/internal/grpcsvc/user_presence.go:146.82,147.11 1 1
voice/backend/user/internal/grpcsvc/user_presence.go:148.16,149.73 1 1
voice/backend/user/internal/grpcsvc/user_presence.go:150.14,151.71 1 1
voice/backend/user/internal/grpcsvc/user_presence.go:152.13,153.70 1 1
voice/backend/user/internal/grpcsvc/user_presence.go:154.19,155.76 1 1
voice/backend/user/internal/grpcsvc/user_presence.go:156.10,157.79 1 1
voice/backend/user/internal/grpcsvc/user_presence.go:161.104,163.17 2 1
voice/backend/user/internal/grpcsvc/user_presence.go:163.17,165.3 1 1
voice/backend/user/internal/grpcsvc/user_presence.go:166.2,166.15 1 1
voice/backend/user/internal/grpcsvc/user_presence.go:166.15,168.27 2 1
voice/backend/user/internal/grpcsvc/user_presence.go:168.27,171.4 2 1
voice/backend/user/internal/grpcsvc/user_presence.go:172.3,172.27 1 1
voice/backend/user/internal/grpcsvc/user_presence.go:172.27,174.4 1 1
voice/backend/user/internal/grpcsvc/user_presence.go:175.3,175.30 1 1
voice/backend/user/internal/grpcsvc/user_presence.go:175.30,177.4 1 1
voice/backend/user/internal/grpcsvc/user_presence.go:178.3,178.30 1 1
voice/backend/user/internal/grpcsvc/user_presence.go:178.30,180.4 1 1
voice/backend/user/internal/grpcsvc/user_presence.go:181.3,181.28 1 1
voice/backend/user/internal/grpcsvc/user_presence.go:181.28,183.4 1 1
voice/backend/user/internal/grpcsvc/user_presence.go:184.3,184.13 1 1
voice/backend/user/internal/grpcsvc/user_presence.go:186.2,186.27 1 1
voice/backend/user/internal/grpcsvc/user_presence.go:186.27,188.3 1 1
voice/backend/user/internal/grpcsvc/user_presence.go:189.2,189.12 1 1
voice/backend/user/internal/grpcsvc/user_search.go:28.131,30.9 2 1
voice/backend/user/internal/grpcsvc/user_search.go:30.9,32.3 1 1
voice/backend/user/internal/grpcsvc/user_search.go:33.2,34.13 2 1
voice/backend/user/internal/grpcsvc/user_search.go:34.13,36.3 1 1
voice/backend/user/internal/grpcsvc/user_search.go:37.2,37.37 1 1
voice/backend/user/internal/grpcsvc/user_search.go:37.37,39.3 1 1
voice/backend/user/internal/grpcsvc/user_search.go:41.2,43.17 3 1
voice/backend/user/internal/grpcsvc/user_search.go:43.17,45.3 1 1
voice/backend/user/internal/grpcsvc/user_search.go:46.2,46.19 1 1
voice/backend/user/internal/grpcsvc/user_search.go:46.19,48.3 1 1
voice/backend/user/internal/grpcsvc/user_search.go:49.2,49.38 1 1
voice/backend/user/internal/grpcsvc/user_search.go:49.38,51.3 1 0
voice/backend/user/internal/grpcsvc/user_search.go:53.2,54.17 2 1
voice/backend/user/internal/grpcsvc/user_search.go:54.17,56.3 1 1
voice/backend/user/internal/grpcsvc/user_search.go:57.2,58.16 2 1
voice/backend/user/internal/grpcsvc/user_search.go:58.16,60.3 1 1
voice/backend/user/internal/grpcsvc/user_search.go:62.2,63.18 2 1
voice/backend/user/internal/grpcsvc/user_search.go:63.18,65.3 1 0
voice/backend/user/internal/grpcsvc/user_search.go:67.2,74.55 7 1
voice/backend/user/internal/grpcsvc/user_search.go:74.55,77.17 3 1
voice/backend/user/internal/grpcsvc/user_search.go:77.17,79.4 1 1
voice/backend/user/internal/grpcsvc/user_search.go:80.3,80.38 1 1
voice/backend/user/internal/grpcsvc/user_search.go:80.38,82.4 1 1
voice/backend/user/internal/grpcsvc/user_search.go:83.3,83.21 1 1
voice/backend/user/internal/grpcsvc/user_search.go:83.21,84.9 1 1
voice/backend/user/internal/grpcsvc/user_search.go:86.3,86.28 1 0
voice/backend/user/internal/grpcsvc/user_search.go:86.28,89.18 3 0
voice/backend/user/internal/grpcsvc/user_search.go:89.18,91.5 1 0
voice/backend/user/internal/grpcsvc/user_search.go:92.4,92.15 1 0
voice/backend/user/internal/grpcsvc/user_search.go:92.15,93.13 1 0
voice/backend/user/internal/grpcsvc/user_search.go:95.4,97.24 3 0
voice/backend/user/internal/grpcsvc/user_search.go:97.24,98.10 1 0
voice/backend/user/internal/grpcsvc/user_search.go:101.3,101.23 1 0
voice/backend/user/internal/grpcsvc/user_search.go:101.23,102.9 1 0
voice/backend/user/internal/grpcsvc/user_search.go:104.3,104.18 1 0
voice/backend/user/internal/grpcsvc/user_search.go:104.18,105.9 1 0
voice/backend/user/internal/grpcsvc/user_search.go:109.2,110.13 2 1
voice/backend/user/internal/grpcsvc/user_search.go:110.13,113.3 2 0
voice/backend/user/internal/grpcsvc/user_search.go:114.2,114.26 1 1
voice/backend/user/internal/grpcsvc/user_search.go:114.26,116.3 1 0
voice/backend/user/internal/grpcsvc/user_search.go:118.2,119.35 2 1
voice/backend/user/internal/grpcsvc/user_search.go:119.35,122.17 3 0
voice/backend/user/internal/grpcsvc/user_search.go:122.17,124.4 1 0
voice/backend/user/internal/grpcsvc/user_search.go:127.2,133.8 1 1
voice/backend/user/internal/grpcsvc/user_search.go:136.96,137.21 1 0
voice/backend/user/internal/grpcsvc/user_search.go:137.21,139.3 1 0
voice/backend/user/internal/grpcsvc/user_search.go:140.2,140.56 1 0
voice/backend/user/internal/grpcsvc/user_search.go:143.77,146.2 2 0
voice/backend/user/internal/grpcsvc/user_search.go:148.80,154.2 1 0
