mode: set
voice/backend/bot/internal/ratelimit/grpc_access.go:19.57,20.87 1 1
voice/backend/bot/internal/ratelimit/grpc_access.go:20.87,21.113 1 1
voice/backend/bot/internal/ratelimit/grpc_access.go:21.113,23.4 1 1
voice/backend/bot/internal/ratelimit/grpc_access.go:25.2,25.112 1 1
voice/backend/bot/internal/ratelimit/grpc_access.go:25.112,26.31 1 1
voice/backend/bot/internal/ratelimit/grpc_access.go:26.31,28.4 1 1
voice/backend/bot/internal/ratelimit/grpc_access.go:29.3,29.80 1 1
voice/backend/bot/internal/ratelimit/grpc_access.go:33.52,34.26 1 1
voice/backend/bot/internal/ratelimit/grpc_access.go:34.26,36.3 1 1
voice/backend/bot/internal/ratelimit/grpc_access.go:37.2,37.59 1 1
voice/backend/bot/internal/ratelimit/grpc_access.go:37.59,39.3 1 1
voice/backend/bot/internal/ratelimit/grpc_access.go:40.2,40.41 1 1
voice/backend/bot/internal/ratelimit/grpc_access.go:40.41,42.3 1 0
voice/backend/bot/internal/ratelimit/grpc_access.go:43.2,43.14 1 1
voice/backend/bot/internal/ratelimit/grpc_access.go:46.48,50.4 1 1
voice/backend/bot/internal/ratelimit/grpc_access.go:50.4,51.30 1 1
voice/backend/bot/internal/ratelimit/grpc_access.go:51.30,53.42 2 1
voice/backend/bot/internal/ratelimit/grpc_access.go:53.42,55.5 1 1
voice/backend/bot/internal/ratelimit/grpc_access.go:58.2,58.14 1 1
voice/backend/bot/internal/ratelimit/ratelimit.go:37.29,43.2 1 1
voice/backend/bot/internal/ratelimit/ratelimit.go:46.46,57.2 2 1
voice/backend/bot/internal/ratelimit/ratelimit.go:60.30,62.2 1 1
voice/backend/bot/internal/ratelimit/ratelimit.go:64.53,65.14 1 1
voice/backend/bot/internal/ratelimit/ratelimit.go:65.14,67.3 1 0
voice/backend/bot/internal/ratelimit/ratelimit.go:68.2,69.46 2 1
voice/backend/bot/internal/ratelimit/ratelimit.go:69.46,71.3 1 0
voice/backend/bot/internal/ratelimit/ratelimit.go:72.2,80.39 7 1
voice/backend/bot/internal/ratelimit/ratelimit.go:80.39,81.23 1 1
voice/backend/bot/internal/ratelimit/ratelimit.go:81.23,83.4 1 1
voice/backend/bot/internal/ratelimit/ratelimit.go:85.2,85.27 1 1
voice/backend/bot/internal/ratelimit/ratelimit.go:85.27,88.3 2 1
voice/backend/bot/internal/ratelimit/ratelimit.go:89.2,90.13 2 1
voice/backend/bot/internal/ratelimit/ratelimit.go:94.61,96.2 1 1
voice/backend/bot/internal/ratelimit/ratelimit.go:98.42,99.20 1 1
voice/backend/bot/internal/ratelimit/ratelimit.go:102.44,103.22 1 1
voice/backend/bot/internal/ratelimit/ratelimit.go:104.48,105.25 1 1
voice/backend/bot/internal/ratelimit/ratelimit.go:106.10,107.18 1 1
voice/backend/bot/internal/ratelimit/ratelimit.go:111.49,112.20 1 1
voice/backend/bot/internal/ratelimit/ratelimit.go:136.54,137.15 1 1
voice/backend/bot/internal/ratelimit/ratelimit.go:138.10,139.68 1 1
voice/backend/bot/internal/ratelimit/ratelimit.go:144.76,145.14 1 1
voice/backend/bot/internal/ratelimit/ratelimit.go:145.14,146.113 1 0
voice/backend/bot/internal/ratelimit/ratelimit.go:146.113,148.4 1 0
voice/backend/bot/internal/ratelimit/ratelimit.go:150.2,150.112 1 1
voice/backend/bot/internal/ratelimit/ratelimit.go:150.112,151.43 1 1
voice/backend/bot/internal/ratelimit/ratelimit.go:151.43,153.4 1 1
voice/backend/bot/internal/ratelimit/ratelimit.go:154.3,155.25 2 1
voice/backend/bot/internal/ratelimit/ratelimit.go:155.25,157.4 1 0
voice/backend/bot/internal/ratelimit/ratelimit.go:158.3,159.29 2 1
voice/backend/bot/internal/ratelimit/ratelimit.go:159.29,161.4 1 1
voice/backend/bot/internal/ratelimit/ratelimit.go:162.3,162.27 1 1
voice/backend/bot/internal/ratelimit/redis_limiter.go:42.79,55.2 2 1
voice/backend/bot/internal/ratelimit/redis_limiter.go:58.86,60.2 1 1
voice/backend/bot/internal/ratelimit/redis_limiter.go:62.88,64.46 2 1
voice/backend/bot/internal/ratelimit/redis_limiter.go:64.46,66.3 1 0
voice/backend/bot/internal/ratelimit/redis_limiter.go:67.2,80.16 7 1
voice/backend/bot/internal/ratelimit/redis_limiter.go:80.16,82.3 1 0
voice/backend/bot/internal/ratelimit/redis_limiter.go:83.2,83.25 1 1
voice/backend/bot/internal/ratelimit/redis_limiter.go:86.97,90.2 3 1
voice/backend/bot/internal/ratelimit/redis_limiter.go:92.81,93.112 1 1
voice/backend/bot/internal/ratelimit/redis_limiter.go:93.112,94.43 1 1
voice/backend/bot/internal/ratelimit/redis_limiter.go:94.43,96.4 1 0
voice/backend/bot/internal/ratelimit/redis_limiter.go:97.3,98.25 2 1
voice/backend/bot/internal/ratelimit/redis_limiter.go:98.25,100.4 1 0
voice/backend/bot/internal/ratelimit/redis_limiter.go:101.3,103.17 3 1
voice/backend/bot/internal/ratelimit/redis_limiter.go:103.17,106.4 1 0
voice/backend/bot/internal/ratelimit/redis_limiter.go:107.3,107.15 1 1
voice/backend/bot/internal/ratelimit/redis_limiter.go:107.15,109.38 2 1
voice/backend/bot/internal/ratelimit/redis_limiter.go:109.38,111.5 1 1
voice/backend/bot/internal/ratelimit/redis_limiter.go:112.4,113.80 2 1
voice/backend/bot/internal/ratelimit/redis_limiter.go:115.3,115.27 1 1
voice/backend/bot/internal/ratelimit/redis_limiter.go:119.114,122.16 3 1
voice/backend/bot/internal/ratelimit/redis_limiter.go:122.16,124.3 1 0
voice/backend/bot/internal/ratelimit/redis_limiter.go:125.2,125.15 1 1
voice/backend/bot/internal/ratelimit/redis_limiter.go:125.15,125.35 1 1
voice/backend/bot/internal/ratelimit/redis_limiter.go:126.2,126.66 1 1
voice/backend/bot/internal/ratelimit/redis_limiter.go:126.66,128.3 1 0
voice/backend/bot/internal/ratelimit/redis_limiter.go:129.2,130.20 2 1
voice/backend/bot/internal/ratelimit/redis_limiter.go:130.20,131.73 1 0
voice/backend/bot/internal/ratelimit/redis_limiter.go:131.73,133.4 1 0
voice/backend/bot/internal/ratelimit/redis_limiter.go:135.2,135.44 1 1
voice/backend/bot/internal/ratelimit/redis_limiter.go:138.87,143.27 5 1
voice/backend/bot/internal/ratelimit/redis_limiter.go:143.27,149.3 5 1
voice/backend/bot/internal/ratelimit/redis_limiter.go:150.2,150.58 1 1
voice/backend/bot/internal/ratelimit/redis_limiter.go:150.58,152.3 1 0
voice/backend/bot/internal/ratelimit/redis_limiter.go:153.2,153.33 1 1
voice/backend/bot/internal/ratelimit/redis_limiter.go:156.60,158.16 2 1
voice/backend/bot/internal/ratelimit/redis_limiter.go:158.16,160.3 1 0
voice/backend/bot/internal/ratelimit/redis_limiter.go:161.2,162.16 2 1
voice/backend/bot/internal/ratelimit/redis_limiter.go:162.16,164.3 1 0
voice/backend/bot/internal/ratelimit/redis_limiter.go:165.2,166.16 2 1
voice/backend/bot/internal/ratelimit/redis_limiter.go:167.11,168.40 1 1
voice/backend/bot/internal/ratelimit/redis_limiter.go:169.11,170.16 1 0
voice/backend/bot/internal/ratelimit/redis_limiter.go:171.11,172.29 1 0
voice/backend/bot/internal/ratelimit/redis_limiter.go:173.10,174.52 1 0
voice/backend/bot/internal/ratelimit/redis_limiter.go:178.31,182.2 3 1
voice/backend/bot/internal/ratelimit/redis_limiter.go:185.43,186.71 1 1
voice/backend/bot/internal/ratelimit/redis_limiter.go:186.71,188.3 1 1
voice/backend/bot/internal/ratelimit/redis_limiter.go:189.2,190.72 2 0
voice/backend/bot/internal/ratelimit/redis_limiter.go:190.72,193.3 2 0
voice/backend/bot/internal/ratelimit/redis_limiter.go:194.2,194.28 1 0
voice/backend/bot/internal/ratelimit/redis_limiter.go:199.72,200.112 1 1
voice/backend/bot/internal/ratelimit/redis_limiter.go:200.112,202.3 1 1
voice/backend/bot/internal/grpcsvc/autocomplete.go:18.155,20.9 2 1
voice/backend/bot/internal/grpcsvc/autocomplete.go:20.9,22.3 1 0
voice/backend/bot/internal/grpcsvc/autocomplete.go:23.2,24.16 2 1
voice/backend/bot/internal/grpcsvc/autocomplete.go:24.16,26.3 1 0
voice/backend/bot/internal/grpcsvc/autocomplete.go:27.2,28.16 2 1
voice/backend/bot/internal/grpcsvc/autocomplete.go:28.16,30.3 1 0
voice/backend/bot/internal/grpcsvc/autocomplete.go:31.2,32.16 2 1
voice/backend/bot/internal/grpcsvc/autocomplete.go:32.16,34.3 1 0
voice/backend/bot/internal/grpcsvc/autocomplete.go:35.2,35.14 1 1
voice/backend/bot/internal/grpcsvc/autocomplete.go:35.14,37.3 1 0
voice/backend/bot/internal/grpcsvc/autocomplete.go:38.2,39.16 2 1
voice/backend/bot/internal/grpcsvc/autocomplete.go:39.16,41.3 1 0
voice/backend/bot/internal/grpcsvc/autocomplete.go:42.2,44.39 3 1
voice/backend/bot/internal/grpcsvc/autocomplete.go:44.39,46.3 1 0
voice/backend/bot/internal/grpcsvc/autocomplete.go:47.2,48.16 2 1
voice/backend/bot/internal/grpcsvc/autocomplete.go:48.16,50.3 1 0
voice/backend/bot/internal/grpcsvc/autocomplete.go:51.2,53.29 3 1
voice/backend/bot/internal/grpcsvc/autocomplete.go:53.29,54.24 1 1
voice/backend/bot/internal/grpcsvc/autocomplete.go:54.24,55.12 1 0
voice/backend/bot/internal/grpcsvc/autocomplete.go:57.3,59.8 3 1
voice/backend/bot/internal/grpcsvc/autocomplete.go:61.2,61.12 1 1
voice/backend/bot/internal/grpcsvc/autocomplete.go:61.12,63.3 1 0
voice/backend/bot/internal/grpcsvc/autocomplete.go:64.2,65.27 2 1
voice/backend/bot/internal/grpcsvc/autocomplete.go:65.27,66.27 1 1
voice/backend/bot/internal/grpcsvc/autocomplete.go:66.27,67.26 1 1
voice/backend/bot/internal/grpcsvc/autocomplete.go:67.26,69.5 1 0
voice/backend/bot/internal/grpcsvc/autocomplete.go:70.4,71.9 2 1
voice/backend/bot/internal/grpcsvc/autocomplete.go:74.2,74.19 1 1
voice/backend/bot/internal/grpcsvc/autocomplete.go:74.19,76.3 1 0
voice/backend/bot/internal/grpcsvc/autocomplete.go:77.2,77.101 1 1
voice/backend/bot/internal/grpcsvc/autocomplete.go:77.101,81.64 2 1
voice/backend/bot/internal/grpcsvc/autocomplete.go:81.64,83.4 1 1
voice/backend/bot/internal/grpcsvc/autocomplete.go:84.3,101.72 8 1
voice/backend/bot/internal/grpcsvc/autocomplete.go:103.2,116.16 5 1
voice/backend/bot/internal/grpcsvc/autocomplete.go:116.16,117.22 1 0
voice/backend/bot/internal/grpcsvc/autocomplete.go:117.22,119.4 1 0
voice/backend/bot/internal/grpcsvc/autocomplete.go:120.3,120.55 1 0
voice/backend/bot/internal/grpcsvc/autocomplete.go:122.2,123.29 2 1
voice/backend/bot/internal/grpcsvc/autocomplete.go:123.29,125.3 1 1
voice/backend/bot/internal/grpcsvc/autocomplete.go:126.2,126.66 1 1
voice/backend/bot/internal/grpcsvc/autocomplete.go:129.146,130.47 1 1
voice/backend/bot/internal/grpcsvc/autocomplete.go:130.47,132.3 1 0
voice/backend/bot/internal/grpcsvc/autocomplete.go:133.2,134.21 2 1
voice/backend/bot/internal/grpcsvc/autocomplete.go:134.21,136.3 1 1
voice/backend/bot/internal/grpcsvc/autocomplete.go:137.2,138.38 2 1
voice/backend/bot/internal/grpcsvc/autocomplete.go:138.38,143.3 1 1
voice/backend/bot/internal/grpcsvc/autocomplete.go:144.2,144.23 1 1
voice/backend/bot/internal/grpcsvc/autocomplete.go:144.23,146.3 1 0
voice/backend/bot/internal/grpcsvc/autocomplete.go:147.2,147.69 1 1
voice/backend/bot/internal/grpcsvc/autocomplete.go:147.69,149.3 1 1
voice/backend/bot/internal/grpcsvc/autocomplete.go:150.2,150.51 1 1
voice/backend/bot/internal/grpcsvc/autocomplete.go:153.111,155.29 2 1
voice/backend/bot/internal/grpcsvc/autocomplete.go:155.29,157.3 1 1
voice/backend/bot/internal/grpcsvc/autocomplete.go:158.2,158.61 1 1
voice/backend/bot/internal/grpcsvc/bot.go:51.65,59.2 1 1
voice/backend/bot/internal/grpcsvc/bot.go:61.119,63.9 2 1
voice/backend/bot/internal/grpcsvc/bot.go:63.9,65.3 1 1
voice/backend/bot/internal/grpcsvc/bot.go:66.2,67.18 2 1
voice/backend/bot/internal/grpcsvc/bot.go:67.18,69.3 1 0
voice/backend/bot/internal/grpcsvc/bot.go:70.2,71.21 2 1
voice/backend/bot/internal/grpcsvc/bot.go:71.21,73.3 1 1
voice/backend/bot/internal/grpcsvc/bot.go:74.2,75.16 2 1
voice/backend/bot/internal/grpcsvc/bot.go:75.16,77.3 1 1
voice/backend/bot/internal/grpcsvc/bot.go:78.2,83.21 2 1
voice/backend/bot/internal/grpcsvc/bot.go:83.21,85.3 1 0
voice/backend/bot/internal/grpcsvc/bot.go:86.2,86.18 1 1
voice/backend/bot/internal/grpcsvc/bot.go:89.113,91.16 2 1
voice/backend/bot/internal/grpcsvc/bot.go:91.16,93.3 1 0
voice/backend/bot/internal/grpcsvc/bot.go:94.2,94.50 1 1
voice/backend/bot/internal/grpcsvc/bot.go:94.50,96.3 1 1
voice/backend/bot/internal/grpcsvc/bot.go:98.2,99.16 2 1
voice/backend/bot/internal/grpcsvc/bot.go:99.16,101.3 1 0
voice/backend/bot/internal/grpcsvc/bot.go:102.2,102.21 1 1
voice/backend/bot/internal/grpcsvc/bot.go:102.21,104.3 1 1
voice/backend/bot/internal/grpcsvc/bot.go:105.2,105.28 1 1
voice/backend/bot/internal/grpcsvc/bot.go:105.28,107.3 1 0
voice/backend/bot/internal/grpcsvc/bot.go:108.2,110.16 2 1
voice/backend/bot/internal/grpcsvc/bot.go:110.16,112.3 1 0
voice/backend/bot/internal/grpcsvc/bot.go:113.2,114.16 2 1
voice/backend/bot/internal/grpcsvc/bot.go:114.16,116.3 1 0
voice/backend/bot/internal/grpcsvc/bot.go:117.2,117.65 1 1
voice/backend/bot/internal/grpcsvc/bot.go:120.113,122.16 2 1
voice/backend/bot/internal/grpcsvc/bot.go:122.16,124.3 1 0
voice/backend/bot/internal/grpcsvc/bot.go:125.2,125.50 1 1
voice/backend/bot/internal/grpcsvc/bot.go:125.50,127.3 1 1
voice/backend/bot/internal/grpcsvc/bot.go:128.2,129.16 2 1
voice/backend/bot/internal/grpcsvc/bot.go:129.16,131.3 1 0
voice/backend/bot/internal/grpcsvc/bot.go:132.2,132.40 1 1
voice/backend/bot/internal/grpcsvc/bot.go:135.104,137.16 2 1
voice/backend/bot/internal/grpcsvc/bot.go:137.16,139.3 1 0
voice/backend/bot/internal/grpcsvc/bot.go:140.2,140.50 1 1
voice/backend/bot/internal/grpcsvc/bot.go:140.50,142.3 1 1
voice/backend/bot/internal/grpcsvc/bot.go:143.2,144.16 2 1
voice/backend/bot/internal/grpcsvc/bot.go:144.16,146.3 1 0
voice/backend/bot/internal/grpcsvc/bot.go:147.2,147.58 1 1
voice/backend/bot/internal/grpcsvc/bot.go:150.116,152.16 2 1
voice/backend/bot/internal/grpcsvc/bot.go:152.16,154.3 1 1
voice/backend/bot/internal/grpcsvc/bot.go:155.2,156.16 2 1
voice/backend/bot/internal/grpcsvc/bot.go:156.16,158.3 1 1
voice/backend/bot/internal/grpcsvc/bot.go:159.2,159.58 1 1
voice/backend/bot/internal/grpcsvc/bot.go:162.108,164.9 2 1
voice/backend/bot/internal/grpcsvc/bot.go:164.9,166.3 1 0
voice/backend/bot/internal/grpcsvc/bot.go:167.2,168.16 2 1
voice/backend/bot/internal/grpcsvc/bot.go:168.16,170.3 1 0
voice/backend/bot/internal/grpcsvc/bot.go:171.2,172.25 2 1
voice/backend/bot/internal/grpcsvc/bot.go:172.25,175.3 2 1
voice/backend/bot/internal/grpcsvc/bot.go:176.2,176.74 1 1
voice/backend/bot/internal/grpcsvc/bot.go:179.131,181.16 2 1
voice/backend/bot/internal/grpcsvc/bot.go:181.16,183.3 1 0
voice/backend/bot/internal/grpcsvc/bot.go:184.2,184.50 1 1
voice/backend/bot/internal/grpcsvc/bot.go:184.50,186.3 1 1
voice/backend/bot/internal/grpcsvc/bot.go:187.2,188.16 2 1
voice/backend/bot/internal/grpcsvc/bot.go:188.16,190.3 1 0
voice/backend/bot/internal/grpcsvc/bot.go:191.2,191.95 1 1
voice/backend/bot/internal/grpcsvc/bot.go:194.155,196.16 2 1
voice/backend/bot/internal/grpcsvc/bot.go:196.16,198.3 1 0
voice/backend/bot/internal/grpcsvc/bot.go:199.2,199.50 1 1
voice/backend/bot/internal/grpcsvc/bot.go:199.50,201.3 1 1
voice/backend/bot/internal/grpcsvc/bot.go:202.2,203.16 2 1
voice/backend/bot/internal/grpcsvc/bot.go:203.16,205.3 1 0
voice/backend/bot/internal/grpcsvc/bot.go:206.2,208.8 1 1
voice/backend/bot/internal/grpcsvc/bot.go:211.134,213.16 2 1
voice/backend/bot/internal/grpcsvc/bot.go:213.16,215.3 1 0
voice/backend/bot/internal/grpcsvc/bot.go:216.2,216.50 1 1
voice/backend/bot/internal/grpcsvc/bot.go:216.50,218.3 1 0
voice/backend/bot/internal/grpcsvc/bot.go:219.2,220.81 2 1
voice/backend/bot/internal/grpcsvc/bot.go:220.81,222.3 1 1
voice/backend/bot/internal/grpcsvc/bot.go:223.2,223.64 1 1
voice/backend/bot/internal/grpcsvc/bot.go:223.64,225.3 1 1
voice/backend/bot/internal/grpcsvc/bot.go:226.2,227.16 2 1
voice/backend/bot/internal/grpcsvc/bot.go:227.16,229.3 1 0
voice/backend/bot/internal/grpcsvc/bot.go:230.2,230.57 1 1
voice/backend/bot/internal/grpcsvc/bot.go:230.57,233.26 3 1
voice/backend/bot/internal/grpcsvc/bot.go:233.26,235.4 1 0
voice/backend/bot/internal/grpcsvc/bot.go:236.3,240.17 2 1
voice/backend/bot/internal/grpcsvc/bot.go:240.17,242.4 1 0
voice/backend/bot/internal/grpcsvc/bot.go:244.2,244.47 1 1
voice/backend/bot/internal/grpcsvc/bot.go:247.119,249.16 2 1
voice/backend/bot/internal/grpcsvc/bot.go:249.16,251.3 1 0
voice/backend/bot/internal/grpcsvc/bot.go:252.2,253.16 2 1
voice/backend/bot/internal/grpcsvc/bot.go:253.16,255.3 1 0
voice/backend/bot/internal/grpcsvc/bot.go:256.2,256.126 1 1
voice/backend/bot/internal/grpcsvc/bot.go:259.132,261.34 2 1
voice/backend/bot/internal/grpcsvc/bot.go:261.34,263.3 1 0
voice/backend/bot/internal/grpcsvc/bot.go:264.2,264.19 1 1
voice/backend/bot/internal/grpcsvc/bot.go:264.19,266.3 1 1
voice/backend/bot/internal/grpcsvc/bot.go:267.2,268.89 2 1
voice/backend/bot/internal/grpcsvc/bot.go:271.125,273.16 2 1
voice/backend/bot/internal/grpcsvc/bot.go:273.16,275.3 1 0
voice/backend/bot/internal/grpcsvc/bot.go:276.2,276.50 1 1
voice/backend/bot/internal/grpcsvc/bot.go:276.50,278.3 1 0
voice/backend/bot/internal/grpcsvc/bot.go:279.2,280.33 2 1
voice/backend/bot/internal/grpcsvc/bot.go:280.33,282.20 2 1
voice/backend/bot/internal/grpcsvc/bot.go:282.20,284.4 1 0
voice/backend/bot/internal/grpcsvc/bot.go:284.9,284.24 1 1
voice/backend/bot/internal/grpcsvc/bot.go:284.24,286.4 1 1
voice/backend/bot/internal/grpcsvc/bot.go:287.3,287.55 1 1
voice/backend/bot/internal/grpcsvc/bot.go:289.2,289.63 1 1
voice/backend/bot/internal/grpcsvc/bot.go:289.63,291.3 1 0
voice/backend/bot/internal/grpcsvc/bot.go:292.2,293.16 2 1
voice/backend/bot/internal/grpcsvc/bot.go:293.16,295.3 1 0
voice/backend/bot/internal/grpcsvc/bot.go:296.2,296.65 1 1
voice/backend/bot/internal/grpcsvc/bot.go:299.125,301.16 2 1
voice/backend/bot/internal/grpcsvc/bot.go:301.16,303.3 1 0
voice/backend/bot/internal/grpcsvc/bot.go:304.2,304.50 1 1
voice/backend/bot/internal/grpcsvc/bot.go:304.50,306.3 1 0
voice/backend/bot/internal/grpcsvc/bot.go:307.2,311.16 4 1
voice/backend/bot/internal/grpcsvc/bot.go:311.16,313.3 1 0
voice/backend/bot/internal/grpcsvc/bot.go:314.2,314.44 1 1
voice/backend/bot/internal/grpcsvc/bot.go:317.125,319.16 2 1
voice/backend/bot/internal/grpcsvc/bot.go:319.16,321.3 1 0
voice/backend/bot/internal/grpcsvc/bot.go:322.2,322.50 1 1
voice/backend/bot/internal/grpcsvc/bot.go:322.50,324.3 1 0
voice/backend/bot/internal/grpcsvc/bot.go:325.2,326.16 2 1
voice/backend/bot/internal/grpcsvc/bot.go:326.16,328.3 1 0
voice/backend/bot/internal/grpcsvc/bot.go:329.2,330.27 2 1
voice/backend/bot/internal/grpcsvc/bot.go:330.27,332.3 1 1
voice/backend/bot/internal/grpcsvc/bot.go:333.2,333.18 1 1
voice/backend/bot/internal/grpcsvc/bot.go:336.134,338.16 2 1
voice/backend/bot/internal/grpcsvc/bot.go:338.16,340.3 1 0
voice/backend/bot/internal/grpcsvc/bot.go:341.2,341.50 1 1
voice/backend/bot/internal/grpcsvc/bot.go:341.50,343.3 1 0
voice/backend/bot/internal/grpcsvc/bot.go:344.2,345.9 2 1
voice/backend/bot/internal/grpcsvc/bot.go:345.9,347.3 1 0
voice/backend/bot/internal/grpcsvc/bot.go:348.2,349.16 2 1
voice/backend/bot/internal/grpcsvc/bot.go:349.16,351.3 1 0
voice/backend/bot/internal/grpcsvc/bot.go:352.2,353.44 2 1
voice/backend/bot/internal/grpcsvc/bot.go:353.44,355.17 2 1
voice/backend/bot/internal/grpcsvc/bot.go:355.17,357.4 1 0
voice/backend/bot/internal/grpcsvc/bot.go:358.3,358.29 1 1
voice/backend/bot/internal/grpcsvc/bot.go:360.2,361.16 2 1
voice/backend/bot/internal/grpcsvc/bot.go:361.16,363.3 1 0
voice/backend/bot/internal/grpcsvc/bot.go:364.2,364.47 1 1
voice/backend/bot/internal/grpcsvc/bot.go:367.134,369.16 2 1
voice/backend/bot/internal/grpcsvc/bot.go:369.16,371.3 1 0
voice/backend/bot/internal/grpcsvc/bot.go:372.2,374.16 2 1
voice/backend/bot/internal/grpcsvc/bot.go:374.16,376.3 1 0
voice/backend/bot/internal/grpcsvc/bot.go:377.2,379.18 3 1
voice/backend/bot/internal/grpcsvc/bot.go:379.18,381.40 2 1
voice/backend/bot/internal/grpcsvc/bot.go:381.40,383.4 1 0
voice/backend/bot/internal/grpcsvc/bot.go:384.3,384.101 1 1
voice/backend/bot/internal/grpcsvc/bot.go:386.2,386.65 1 1
voice/backend/bot/internal/grpcsvc/bot.go:389.125,391.16 2 1
voice/backend/bot/internal/grpcsvc/bot.go:391.16,393.3 1 0
voice/backend/bot/internal/grpcsvc/bot.go:394.2,397.44 4 1
voice/backend/bot/internal/grpcsvc/bot.go:400.108,403.16 3 1
voice/backend/bot/internal/grpcsvc/bot.go:403.16,405.3 1 0
voice/backend/bot/internal/grpcsvc/bot.go:406.2,408.16 3 1
voice/backend/bot/internal/grpcsvc/bot.go:408.16,410.3 1 0
voice/backend/bot/internal/grpcsvc/bot.go:411.2,411.25 1 1
voice/backend/bot/internal/grpcsvc/bot.go:411.25,418.79 2 1
voice/backend/bot/internal/grpcsvc/bot.go:418.79,420.4 1 0
voice/backend/bot/internal/grpcsvc/bot.go:421.3,421.42 1 1
voice/backend/bot/internal/grpcsvc/bot.go:423.2,423.12 1 1
voice/backend/bot/internal/grpcsvc/bot.go:426.46,438.26 2 1
voice/backend/bot/internal/grpcsvc/bot.go:438.26,440.3 1 0
voice/backend/bot/internal/grpcsvc/bot.go:441.2,441.27 1 1
voice/backend/bot/internal/grpcsvc/bot.go:441.27,443.3 1 1
voice/backend/bot/internal/grpcsvc/bot.go:444.2,444.36 1 1
voice/backend/bot/internal/grpcsvc/bot.go:444.36,447.3 2 1
voice/backend/bot/internal/grpcsvc/bot.go:448.2,448.20 1 1
voice/backend/bot/internal/grpcsvc/bot.go:448.20,451.3 2 1
voice/backend/bot/internal/grpcsvc/bot.go:452.2,452.10 1 1
voice/backend/bot/internal/grpcsvc/bot.go:455.75,457.9 2 1
voice/backend/bot/internal/grpcsvc/bot.go:457.9,459.3 1 0
voice/backend/bot/internal/grpcsvc/bot.go:460.2,461.16 2 1
voice/backend/bot/internal/grpcsvc/bot.go:461.16,463.3 1 1
voice/backend/bot/internal/grpcsvc/bot.go:464.2,464.33 1 1
voice/backend/bot/internal/grpcsvc/bot.go:464.33,466.3 1 1
voice/backend/bot/internal/grpcsvc/bot.go:467.2,467.12 1 1
voice/backend/bot/internal/grpcsvc/bot.go:470.76,472.9 2 1
voice/backend/bot/internal/grpcsvc/bot.go:472.9,474.3 1 1
voice/backend/bot/internal/grpcsvc/bot.go:475.2,476.16 2 1
voice/backend/bot/internal/grpcsvc/bot.go:476.16,478.3 1 1
voice/backend/bot/internal/grpcsvc/bot.go:479.2,479.17 1 1
voice/backend/bot/internal/grpcsvc/bot.go:482.54,484.16 2 1
voice/backend/bot/internal/grpcsvc/bot.go:484.16,486.3 1 0
voice/backend/bot/internal/grpcsvc/bot.go:487.2,487.16 1 1
voice/backend/bot/internal/grpcsvc/bot.go:490.68,492.9 2 1
voice/backend/bot/internal/grpcsvc/bot.go:492.9,494.3 1 0
voice/backend/bot/internal/grpcsvc/bot.go:495.2,496.47 2 1
voice/backend/bot/internal/grpcsvc/bot.go:496.47,498.3 1 1
voice/backend/bot/internal/grpcsvc/bot.go:499.2,499.56 1 1
voice/backend/bot/internal/grpcsvc/bot.go:502.35,503.30 1 1
voice/backend/bot/internal/grpcsvc/bot.go:503.30,505.3 1 1
voice/backend/bot/internal/grpcsvc/bot.go:506.2,506.50 1 0
voice/backend/bot/internal/grpcsvc/bot.go:509.97,510.19 1 1
voice/backend/bot/internal/grpcsvc/bot.go:510.19,512.3 1 1
voice/backend/bot/internal/grpcsvc/bot.go:513.2,514.16 2 1
voice/backend/bot/internal/grpcsvc/bot.go:514.16,516.3 1 0
voice/backend/bot/internal/grpcsvc/bot.go:517.2,523.16 4 1
voice/backend/bot/internal/grpcsvc/bot.go:523.16,525.3 1 1
voice/backend/bot/internal/grpcsvc/bot.go:526.2,526.30 1 1
voice/backend/bot/internal/grpcsvc/bot.go:526.30,528.3 1 0
voice/backend/bot/internal/grpcsvc/bot.go:529.2,530.16 2 1
voice/backend/bot/internal/grpcsvc/bot.go:530.16,532.3 1 0
voice/backend/bot/internal/grpcsvc/bot.go:533.2,533.16 1 1
voice/backend/bot/internal/grpcsvc/bot_c.go:26.34,27.68 1 1
voice/backend/bot/internal/grpcsvc/bot_c.go:27.68,28.57 1 1
voice/backend/bot/internal/grpcsvc/bot_c.go:28.57,30.4 1 1
voice/backend/bot/internal/grpcsvc/bot_c.go:32.2,32.33 1 1
voice/backend/bot/internal/grpcsvc/bot_c.go:35.74,36.67 1 1
voice/backend/bot/internal/grpcsvc/bot_c.go:36.67,38.3 1 1
voice/backend/bot/internal/grpcsvc/bot_c.go:39.2,39.12 1 1
voice/backend/bot/internal/grpcsvc/bot_c.go:42.90,47.2 1 1
voice/backend/bot/internal/grpcsvc/bot_c.go:49.71,51.2 1 1
voice/backend/bot/internal/grpcsvc/bot_c.go:53.74,56.2 2 1
voice/backend/bot/internal/grpcsvc/bot_c.go:58.125,60.16 2 1
voice/backend/bot/internal/grpcsvc/bot_c.go:60.16,62.3 1 0
voice/backend/bot/internal/grpcsvc/bot_c.go:63.2,63.66 1 1
voice/backend/bot/internal/grpcsvc/bot_c.go:63.66,65.3 1 1
voice/backend/bot/internal/grpcsvc/bot_c.go:66.2,67.44 2 1
voice/backend/bot/internal/grpcsvc/bot_c.go:70.125,72.16 2 1
voice/backend/bot/internal/grpcsvc/bot_c.go:72.16,74.3 1 0
voice/backend/bot/internal/grpcsvc/bot_c.go:75.2,75.70 1 1
voice/backend/bot/internal/grpcsvc/bot_c.go:75.70,77.3 1 1
voice/backend/bot/internal/grpcsvc/bot_c.go:78.2,78.19 1 1
voice/backend/bot/internal/grpcsvc/bot_c.go:78.19,80.3 1 1
voice/backend/bot/internal/grpcsvc/bot_c.go:81.2,82.16 2 1
voice/backend/bot/internal/grpcsvc/bot_c.go:82.16,84.3 1 0
voice/backend/bot/internal/grpcsvc/bot_c.go:85.2,91.16 3 1
voice/backend/bot/internal/grpcsvc/bot_c.go:91.16,93.3 1 0
voice/backend/bot/internal/grpcsvc/bot_c.go:94.2,94.44 1 1
voice/backend/bot/internal/grpcsvc/bot_c.go:97.125,99.16 2 1
voice/backend/bot/internal/grpcsvc/bot_c.go:99.16,101.3 1 0
voice/backend/bot/internal/grpcsvc/bot_c.go:102.2,102.70 1 1
voice/backend/bot/internal/grpcsvc/bot_c.go:102.70,104.3 1 1
voice/backend/bot/internal/grpcsvc/bot_c.go:105.2,105.19 1 1
voice/backend/bot/internal/grpcsvc/bot_c.go:105.19,107.3 1 1
voice/backend/bot/internal/grpcsvc/bot_c.go:108.2,109.16 2 1
voice/backend/bot/internal/grpcsvc/bot_c.go:109.16,111.3 1 0
voice/backend/bot/internal/grpcsvc/bot_c.go:112.2,118.16 3 1
voice/backend/bot/internal/grpcsvc/bot_c.go:118.16,120.3 1 0
voice/backend/bot/internal/grpcsvc/bot_c.go:121.2,121.44 1 1
voice/backend/bot/internal/grpcsvc/bot_c.go:124.152,126.16 2 1
voice/backend/bot/internal/grpcsvc/bot_c.go:126.16,128.3 1 0
voice/backend/bot/internal/grpcsvc/bot_c.go:129.2,129.73 1 1
voice/backend/bot/internal/grpcsvc/bot_c.go:129.73,131.3 1 1
voice/backend/bot/internal/grpcsvc/bot_c.go:132.2,132.20 1 1
voice/backend/bot/internal/grpcsvc/bot_c.go:132.20,134.3 1 1
voice/backend/bot/internal/grpcsvc/bot_c.go:135.2,138.54 4 1
voice/backend/bot/internal/grpcsvc/bot_c.go:138.54,140.3 1 1
voice/backend/bot/internal/grpcsvc/bot_c.go:141.2,142.16 2 1
voice/backend/bot/internal/grpcsvc/bot_c.go:142.16,144.3 1 0
voice/backend/bot/internal/grpcsvc/bot_c.go:145.2,146.59 2 1
voice/backend/bot/internal/grpcsvc/bot_c.go:146.59,147.29 1 1
voice/backend/bot/internal/grpcsvc/bot_c.go:147.29,149.4 1 1
voice/backend/bot/internal/grpcsvc/bot_c.go:151.2,152.67 2 1
voice/backend/bot/internal/grpcsvc/bot_c.go:152.67,154.3 1 0
voice/backend/bot/internal/grpcsvc/bot_c.go:155.2,155.17 1 1
voice/backend/bot/internal/grpcsvc/bot_c.go:158.125,160.16 2 1
voice/backend/bot/internal/grpcsvc/bot_c.go:160.16,162.3 1 0
voice/backend/bot/internal/grpcsvc/bot_c.go:163.2,163.76 1 1
voice/backend/bot/internal/grpcsvc/bot_c.go:163.76,165.3 1 1
voice/backend/bot/internal/grpcsvc/bot_c.go:166.2,166.19 1 1
voice/backend/bot/internal/grpcsvc/bot_c.go:166.19,168.3 1 1
voice/backend/bot/internal/grpcsvc/bot_c.go:169.2,170.16 2 1
voice/backend/bot/internal/grpcsvc/bot_c.go:170.16,172.3 1 0
voice/backend/bot/internal/grpcsvc/bot_c.go:173.2,173.16 1 1
voice/backend/bot/internal/grpcsvc/bot_c.go:173.16,175.3 1 1
voice/backend/bot/internal/grpcsvc/bot_c.go:176.2,178.16 3 1
voice/backend/bot/internal/grpcsvc/bot_c.go:178.16,180.3 1 1
voice/backend/bot/internal/grpcsvc/bot_c.go:181.2,182.72 2 1
voice/backend/bot/internal/grpcsvc/bot_c.go:182.72,184.3 1 1
voice/backend/bot/internal/grpcsvc/bot_c.go:185.2,191.16 3 1
voice/backend/bot/internal/grpcsvc/bot_c.go:191.16,193.3 1 0
voice/backend/bot/internal/grpcsvc/bot_c.go:194.2,195.17 2 1
voice/backend/bot/internal/grpcsvc/bot_c.go:195.17,197.3 1 0
voice/backend/bot/internal/grpcsvc/bot_c.go:198.2,199.53 2 1
voice/backend/bot/internal/grpcsvc/bot_c.go:202.149,204.16 2 1
voice/backend/bot/internal/grpcsvc/bot_c.go:204.16,206.3 1 0
voice/backend/bot/internal/grpcsvc/bot_c.go:207.2,207.81 1 1
voice/backend/bot/internal/grpcsvc/bot_c.go:207.81,209.3 1 1
voice/backend/bot/internal/grpcsvc/bot_c.go:210.2,211.16 2 1
voice/backend/bot/internal/grpcsvc/bot_c.go:211.16,213.3 1 0
voice/backend/bot/internal/grpcsvc/bot_c.go:214.2,215.16 2 1
voice/backend/bot/internal/grpcsvc/bot_c.go:215.16,217.3 1 0
voice/backend/bot/internal/grpcsvc/bot_c.go:218.2,218.14 1 1
voice/backend/bot/internal/grpcsvc/bot_c.go:218.14,220.3 1 1
voice/backend/bot/internal/grpcsvc/bot_c.go:221.2,221.24 1 1
voice/backend/bot/internal/grpcsvc/bot_c.go:221.24,223.3 1 1
voice/backend/bot/internal/grpcsvc/bot_c.go:224.2,225.54 2 1
voice/backend/bot/internal/grpcsvc/bot_c.go:225.54,227.3 1 0
voice/backend/bot/internal/grpcsvc/bot_c.go:228.2,230.16 3 1
voice/backend/bot/internal/grpcsvc/bot_c.go:230.16,232.3 1 0
voice/backend/bot/internal/grpcsvc/bot_c.go:233.2,235.25 3 1
voice/backend/bot/internal/grpcsvc/bot_c.go:235.25,236.22 1 1
voice/backend/bot/internal/grpcsvc/bot_c.go:236.22,238.4 1 1
voice/backend/bot/internal/grpcsvc/bot_c.go:240.2,244.63 2 1
voice/backend/bot/internal/grpcsvc/bot_c.go:244.63,246.3 1 0
voice/backend/bot/internal/grpcsvc/bot_c.go:247.2,247.17 1 1
voice/backend/bot/internal/grpcsvc/bot_c.go:250.125,252.16 2 1
voice/backend/bot/internal/grpcsvc/bot_c.go:252.16,254.3 1 0
voice/backend/bot/internal/grpcsvc/bot_c.go:255.2,255.81 1 1
voice/backend/bot/internal/grpcsvc/bot_c.go:255.81,257.3 1 1
voice/backend/bot/internal/grpcsvc/bot_c.go:258.2,258.19 1 1
voice/backend/bot/internal/grpcsvc/bot_c.go:258.19,260.3 1 0
voice/backend/bot/internal/grpcsvc/bot_c.go:261.2,262.16 2 1
voice/backend/bot/internal/grpcsvc/bot_c.go:262.16,264.3 1 0
voice/backend/bot/internal/grpcsvc/bot_c.go:265.2,266.16 2 1
voice/backend/bot/internal/grpcsvc/bot_c.go:266.16,268.3 1 1
voice/backend/bot/internal/grpcsvc/bot_c.go:269.2,276.16 3 1
voice/backend/bot/internal/grpcsvc/bot_c.go:276.16,278.3 1 0
voice/backend/bot/internal/grpcsvc/bot_c.go:279.2,279.70 1 1
voice/backend/bot/internal/grpcsvc/bot_c.go:282.34,283.68 1 1
voice/backend/bot/internal/grpcsvc/bot_c.go:283.68,284.59 1 0
voice/backend/bot/internal/grpcsvc/bot_c.go:284.59,286.4 1 0
voice/backend/bot/internal/grpcsvc/bot_c.go:288.2,288.23 1 1
voice/backend/bot/internal/grpcsvc/bot_c.go:292.68,293.32 1 1
voice/backend/bot/internal/grpcsvc/bot_c.go:293.32,295.3 1 0
voice/backend/bot/internal/grpcsvc/bot_c.go:296.2,296.57 1 1
voice/backend/bot/internal/grpcsvc/bot_c.go:300.58,301.48 1 1
voice/backend/bot/internal/grpcsvc/bot_c.go:301.48,303.3 1 0
voice/backend/bot/internal/grpcsvc/bot_c.go:304.2,305.16 2 1
voice/backend/bot/internal/grpcsvc/bot_c.go:305.16,307.3 1 0
voice/backend/bot/internal/grpcsvc/bot_c.go:308.2,308.31 1 1
voice/backend/bot/internal/grpcsvc/bot_c.go:308.31,310.3 1 1
voice/backend/bot/internal/grpcsvc/interaction.go:26.49,28.2 1 1
voice/backend/bot/internal/grpcsvc/interaction.go:30.44,32.2 1 1
voice/backend/bot/internal/grpcsvc/interaction.go:34.137,36.16 2 1
voice/backend/bot/internal/grpcsvc/interaction.go:36.16,38.3 1 0
voice/backend/bot/internal/grpcsvc/interaction.go:39.2,40.16 2 1
voice/backend/bot/internal/grpcsvc/interaction.go:40.16,42.3 1 0
voice/backend/bot/internal/grpcsvc/interaction.go:43.2,44.9 2 1
voice/backend/bot/internal/grpcsvc/interaction.go:44.9,46.3 1 1
voice/backend/bot/internal/grpcsvc/interaction.go:47.2,47.19 1 1
voice/backend/bot/internal/grpcsvc/interaction.go:47.19,53.17 2 1
voice/backend/bot/internal/grpcsvc/interaction.go:53.17,55.4 1 0
voice/backend/bot/internal/grpcsvc/interaction.go:56.3,56.25 1 1
voice/backend/bot/internal/grpcsvc/interaction.go:56.25,58.4 1 1
voice/backend/bot/internal/grpcsvc/interaction.go:60.2,61.44 2 1
voice/backend/bot/internal/grpcsvc/interaction.go:61.44,63.17 2 1
voice/backend/bot/internal/grpcsvc/interaction.go:63.17,65.4 1 0
voice/backend/bot/internal/grpcsvc/interaction.go:66.3,66.29 1 1
voice/backend/bot/internal/grpcsvc/interaction.go:68.2,69.16 2 1
voice/backend/bot/internal/grpcsvc/interaction.go:69.16,71.3 1 0
voice/backend/bot/internal/grpcsvc/interaction.go:72.2,72.90 1 1
voice/backend/bot/internal/grpcsvc/interaction.go:72.90,74.3 1 1
voice/backend/bot/internal/grpcsvc/interaction.go:75.2,75.20 1 1
voice/backend/bot/internal/grpcsvc/interaction.go:75.20,80.18 2 1
voice/backend/bot/internal/grpcsvc/interaction.go:80.18,82.4 1 0
voice/backend/bot/internal/grpcsvc/interaction.go:84.2,84.19 1 1
voice/backend/bot/internal/grpcsvc/interaction.go:84.19,87.45 3 1
voice/backend/bot/internal/grpcsvc/interaction.go:87.45,88.29 1 1
voice/backend/bot/internal/grpcsvc/interaction.go:88.29,89.13 1 1
voice/backend/bot/internal/grpcsvc/interaction.go:91.4,92.18 2 1
voice/backend/bot/internal/grpcsvc/interaction.go:92.18,94.5 1 0
voice/backend/bot/internal/grpcsvc/interaction.go:95.4,98.19 1 1
voice/backend/bot/internal/grpcsvc/interaction.go:98.19,100.5 1 0
voice/backend/bot/internal/grpcsvc/interaction.go:103.2,104.16 2 1
voice/backend/bot/internal/grpcsvc/interaction.go:104.16,106.3 1 0
voice/backend/bot/internal/grpcsvc/interaction.go:107.2,107.82 1 1
voice/backend/bot/internal/grpcsvc/interaction.go:110.149,112.16 2 1
voice/backend/bot/internal/grpcsvc/interaction.go:112.16,114.3 1 0
voice/backend/bot/internal/grpcsvc/interaction.go:115.2,116.16 2 1
voice/backend/bot/internal/grpcsvc/interaction.go:116.16,118.3 1 0
voice/backend/bot/internal/grpcsvc/interaction.go:119.2,120.9 2 1
voice/backend/bot/internal/grpcsvc/interaction.go:120.9,122.3 1 0
voice/backend/bot/internal/grpcsvc/interaction.go:123.2,123.19 1 1
voice/backend/bot/internal/grpcsvc/interaction.go:123.19,129.17 2 1
voice/backend/bot/internal/grpcsvc/interaction.go:129.17,131.4 1 0
voice/backend/bot/internal/grpcsvc/interaction.go:132.3,132.25 1 1
voice/backend/bot/internal/grpcsvc/interaction.go:132.25,134.4 1 1
voice/backend/bot/internal/grpcsvc/interaction.go:136.2,137.16 2 1
voice/backend/bot/internal/grpcsvc/interaction.go:137.16,139.3 1 0
voice/backend/bot/internal/grpcsvc/interaction.go:140.2,142.19 3 1
voice/backend/bot/internal/grpcsvc/interaction.go:142.19,151.18 3 1
voice/backend/bot/internal/grpcsvc/interaction.go:151.18,152.62 1 1
voice/backend/bot/internal/grpcsvc/interaction.go:152.62,158.5 1 0
voice/backend/bot/internal/grpcsvc/interaction.go:161.2,161.44 1 1
voice/backend/bot/internal/grpcsvc/interaction.go:161.44,163.31 2 1
voice/backend/bot/internal/grpcsvc/interaction.go:163.31,165.4 1 1
voice/backend/bot/internal/grpcsvc/interaction.go:166.3,169.5 1 1
voice/backend/bot/internal/grpcsvc/interaction.go:171.2,171.72 1 1
voice/backend/bot/internal/grpcsvc/interaction.go:171.72,173.3 1 0
voice/backend/bot/internal/grpcsvc/interaction.go:174.2,174.20 1 1
voice/backend/bot/internal/grpcsvc/interaction.go:174.20,180.3 2 1
voice/backend/bot/internal/grpcsvc/interaction.go:181.2,181.52 1 1
voice/backend/bot/internal/grpcsvc/interaction.go:184.137,186.16 2 1
voice/backend/bot/internal/grpcsvc/interaction.go:186.16,188.3 1 0
voice/backend/bot/internal/grpcsvc/interaction.go:189.2,195.16 2 1
voice/backend/bot/internal/grpcsvc/interaction.go:195.16,197.3 1 0
voice/backend/bot/internal/grpcsvc/interaction.go:198.2,200.18 3 1
voice/backend/bot/internal/grpcsvc/interaction.go:200.18,206.17 3 1
voice/backend/bot/internal/grpcsvc/interaction.go:206.17,208.4 1 0
voice/backend/bot/internal/grpcsvc/interaction.go:209.3,211.23 3 1
voice/backend/bot/internal/grpcsvc/interaction.go:211.23,212.25 1 1
voice/backend/bot/internal/grpcsvc/interaction.go:212.25,216.5 3 1
voice/backend/bot/internal/grpcsvc/interaction.go:217.4,217.21 1 1
voice/backend/bot/internal/grpcsvc/interaction.go:219.3,224.5 1 1
voice/backend/bot/internal/grpcsvc/interaction.go:226.2,226.66 1 1
voice/backend/bot/internal/grpcsvc/interaction.go:229.94,231.9 2 1
voice/backend/bot/internal/grpcsvc/interaction.go:231.9,233.3 1 0
voice/backend/bot/internal/grpcsvc/interaction.go:234.2,234.19 1 1
voice/backend/bot/internal/grpcsvc/interaction.go:234.19,240.17 2 1
voice/backend/bot/internal/grpcsvc/interaction.go:240.17,242.4 1 0
voice/backend/bot/internal/grpcsvc/interaction.go:243.3,243.25 1 1
voice/backend/bot/internal/grpcsvc/interaction.go:243.25,245.4 1 1
voice/backend/bot/internal/grpcsvc/interaction.go:247.2,247.21 1 1
voice/backend/bot/internal/grpcsvc/interaction.go:250.128,252.16 2 1
voice/backend/bot/internal/grpcsvc/interaction.go:252.16,254.3 1 0
voice/backend/bot/internal/grpcsvc/interaction.go:255.2,256.16 2 1
voice/backend/bot/internal/grpcsvc/interaction.go:256.16,258.3 1 0
voice/backend/bot/internal/grpcsvc/interaction.go:259.2,259.59 1 1
voice/backend/bot/internal/grpcsvc/interaction.go:259.59,261.3 1 1
voice/backend/bot/internal/grpcsvc/interaction.go:262.2,263.16 2 1
voice/backend/bot/internal/grpcsvc/interaction.go:263.16,265.3 1 0
voice/backend/bot/internal/grpcsvc/interaction.go:266.2,267.27 2 1
voice/backend/bot/internal/grpcsvc/interaction.go:267.27,273.3 1 1
voice/backend/bot/internal/grpcsvc/interaction.go:274.2,274.54 1 1
voice/backend/bot/internal/grpcsvc/interaction.go:277.137,279.16 2 1
voice/backend/bot/internal/grpcsvc/interaction.go:279.16,281.3 1 0
voice/backend/bot/internal/grpcsvc/interaction.go:282.2,283.16 2 1
voice/backend/bot/internal/grpcsvc/interaction.go:283.16,285.3 1 0
voice/backend/bot/internal/grpcsvc/interaction.go:286.2,287.16 2 1
voice/backend/bot/internal/grpcsvc/interaction.go:287.16,289.3 1 0
voice/backend/bot/internal/grpcsvc/interaction.go:290.2,291.16 2 1
voice/backend/bot/internal/grpcsvc/interaction.go:291.16,293.3 1 0
voice/backend/bot/internal/grpcsvc/interaction.go:294.2,294.103 1 1
voice/backend/bot/internal/grpcsvc/interaction.go:294.103,296.3 1 1
voice/backend/bot/internal/grpcsvc/interaction.go:297.2,297.48 1 1
voice/backend/bot/internal/grpcsvc/interaction.go:300.158,302.16 2 1
voice/backend/bot/internal/grpcsvc/interaction.go:302.16,304.3 1 0
voice/backend/bot/internal/grpcsvc/interaction.go:305.2,312.16 2 1
voice/backend/bot/internal/grpcsvc/interaction.go:312.16,314.3 1 0
voice/backend/bot/internal/grpcsvc/interaction.go:315.2,317.18 3 1
voice/backend/bot/internal/grpcsvc/interaction.go:317.18,320.76 3 1
voice/backend/bot/internal/grpcsvc/interaction.go:320.76,322.4 1 0
voice/backend/bot/internal/grpcsvc/interaction.go:323.3,330.80 2 1
voice/backend/bot/internal/grpcsvc/interaction.go:330.80,334.4 3 1
voice/backend/bot/internal/grpcsvc/interaction.go:335.3,337.26 3 1
voice/backend/bot/internal/grpcsvc/interaction.go:337.26,344.4 1 0
voice/backend/bot/internal/grpcsvc/interaction.go:345.3,345.35 1 1
voice/backend/bot/internal/grpcsvc/interaction.go:347.2,347.73 1 1
voice/backend/bot/internal/grpcsvc/interaction.go:357.155,359.9 2 1
voice/backend/bot/internal/grpcsvc/interaction.go:359.9,361.3 1 0
voice/backend/bot/internal/grpcsvc/interaction.go:362.2,363.16 2 1
voice/backend/bot/internal/grpcsvc/interaction.go:363.16,365.3 1 0
voice/backend/bot/internal/grpcsvc/interaction.go:366.2,367.16 2 1
voice/backend/bot/internal/grpcsvc/interaction.go:367.16,369.3 1 0
voice/backend/bot/internal/grpcsvc/interaction.go:370.2,371.16 2 1
voice/backend/bot/internal/grpcsvc/interaction.go:371.16,373.3 1 0
voice/backend/bot/internal/grpcsvc/interaction.go:374.2,374.14 1 1
voice/backend/bot/internal/grpcsvc/interaction.go:374.14,376.3 1 1
voice/backend/bot/internal/grpcsvc/interaction.go:377.2,378.16 2 1
voice/backend/bot/internal/grpcsvc/interaction.go:378.16,380.3 1 0
voice/backend/bot/internal/grpcsvc/interaction.go:381.2,381.70 1 1
voice/backend/bot/internal/grpcsvc/interaction.go:381.70,383.3 1 1
voice/backend/bot/internal/grpcsvc/interaction.go:384.2,384.32 1 1
voice/backend/bot/internal/grpcsvc/interaction.go:384.32,391.3 3 1
voice/backend/bot/internal/grpcsvc/interaction.go:392.2,394.16 3 1
voice/backend/bot/internal/grpcsvc/interaction.go:394.16,396.3 1 0
voice/backend/bot/internal/grpcsvc/interaction.go:397.2,398.29 2 1
voice/backend/bot/internal/grpcsvc/interaction.go:398.29,399.24 1 1
voice/backend/bot/internal/grpcsvc/interaction.go:399.24,401.9 2 1
voice/backend/bot/internal/grpcsvc/interaction.go:404.2,404.12 1 1
voice/backend/bot/internal/grpcsvc/interaction.go:404.12,406.3 1 1
voice/backend/bot/internal/grpcsvc/interaction.go:408.2,408.21 1 1
voice/backend/bot/internal/grpcsvc/interaction.go:408.21,410.3 1 0
voice/backend/bot/internal/grpcsvc/interaction.go:412.2,435.101 8 1
voice/backend/bot/internal/grpcsvc/interaction.go:435.102,437.3 0 1
voice/backend/bot/internal/grpcsvc/interaction.go:437.8,439.13 2 1
voice/backend/bot/internal/grpcsvc/interaction.go:439.13,441.18 2 1
voice/backend/bot/internal/grpcsvc/interaction.go:441.18,443.24 2 1
voice/backend/bot/internal/grpcsvc/interaction.go:443.24,446.6 2 0
voice/backend/bot/internal/grpcsvc/interaction.go:447.5,448.11 2 1
voice/backend/bot/internal/grpcsvc/interaction.go:450.4,450.23 1 1
voice/backend/bot/internal/grpcsvc/interaction.go:450.23,452.5 1 0
voice/backend/bot/internal/grpcsvc/interaction.go:453.4,458.6 2 1
voice/backend/bot/internal/grpcsvc/interaction.go:462.2,463.45 2 1
voice/backend/bot/internal/grpcsvc/interaction.go:463.45,473.3 5 1
voice/backend/bot/internal/grpcsvc/interaction.go:474.2,474.22 1 1
voice/backend/bot/internal/grpcsvc/interaction.go:474.22,478.3 3 1
voice/backend/bot/internal/grpcsvc/interaction.go:479.2,479.20 1 1
voice/backend/bot/internal/grpcsvc/interaction.go:479.20,486.3 3 1
voice/backend/bot/internal/grpcsvc/interaction.go:487.2,488.16 2 1
voice/backend/bot/internal/grpcsvc/interaction.go:488.16,491.3 2 0
voice/backend/bot/internal/grpcsvc/interaction.go:492.2,494.18 3 1
voice/backend/bot/internal/grpcsvc/interaction.go:497.143,499.16 2 1
voice/backend/bot/internal/grpcsvc/interaction.go:499.16,501.3 1 0
voice/backend/bot/internal/grpcsvc/interaction.go:502.2,508.34 3 1
voice/backend/bot/internal/grpcsvc/interaction.go:508.34,509.22 1 1
voice/backend/bot/internal/grpcsvc/interaction.go:509.22,511.4 1 1
voice/backend/bot/internal/grpcsvc/interaction.go:512.3,512.51 1 1
voice/backend/bot/internal/grpcsvc/interaction.go:514.2,514.64 1 1
voice/backend/bot/internal/grpcsvc/interaction.go:514.64,516.18 2 1
voice/backend/bot/internal/grpcsvc/interaction.go:516.18,518.4 1 1
voice/backend/bot/internal/grpcsvc/interaction.go:519.3,519.75 1 1
voice/backend/bot/internal/grpcsvc/interaction.go:519.75,521.4 1 0
voice/backend/bot/internal/grpcsvc/interaction.go:522.3,524.51 3 1
voice/backend/bot/internal/grpcsvc/interaction.go:526.2,526.71 1 0
voice/backend/bot/internal/grpcsvc/interaction.go:529.136,534.16 3 1
voice/backend/bot/internal/grpcsvc/interaction.go:534.16,536.3 1 1
voice/backend/bot/internal/grpcsvc/interaction.go:537.2,541.121 5 1
voice/backend/bot/internal/grpcsvc/interaction.go:544.32,545.14 1 1
voice/backend/bot/internal/grpcsvc/interaction.go:545.14,547.3 1 1
voice/backend/bot/internal/grpcsvc/interaction.go:548.2,548.29 1 1
voice/backend/bot/internal/grpcsvc/interaction.go:548.29,550.3 1 1
voice/backend/bot/internal/grpcsvc/interaction.go:551.2,551.11 1 0
voice/backend/bot/internal/grpcsvc/interaction.go:554.128,556.16 2 1
voice/backend/bot/internal/grpcsvc/interaction.go:556.16,559.18 2 1
voice/backend/bot/internal/grpcsvc/interaction.go:559.18,561.4 1 0
voice/backend/bot/internal/grpcsvc/interaction.go:562.3,562.45 1 1
voice/backend/bot/internal/grpcsvc/interaction.go:562.45,564.4 1 0
voice/backend/bot/internal/grpcsvc/interaction.go:565.3,566.17 2 1
voice/backend/bot/internal/grpcsvc/interaction.go:566.17,568.4 1 0
voice/backend/bot/internal/grpcsvc/interaction.go:570.2,570.37 1 1
voice/backend/bot/internal/grpcsvc/interaction.go:570.37,572.30 2 1
voice/backend/bot/internal/grpcsvc/interaction.go:572.30,574.19 2 1
voice/backend/bot/internal/grpcsvc/interaction.go:574.19,576.5 1 0
voice/backend/bot/internal/grpcsvc/interaction.go:577.4,578.21 2 1
voice/backend/bot/internal/grpcsvc/interaction.go:578.21,580.5 1 1
voice/backend/bot/internal/grpcsvc/interaction.go:581.4,582.19 2 1
voice/backend/bot/internal/grpcsvc/interaction.go:582.19,584.5 1 0
voice/backend/bot/internal/grpcsvc/interaction.go:585.4,587.59 3 1
voice/backend/bot/internal/grpcsvc/interaction.go:589.3,590.35 2 1
voice/backend/bot/internal/grpcsvc/interaction.go:590.35,592.4 1 1
voice/backend/bot/internal/grpcsvc/interaction.go:594.2,595.16 2 1
voice/backend/bot/internal/grpcsvc/interaction.go:595.16,597.3 1 0
voice/backend/bot/internal/grpcsvc/interaction.go:598.2,598.32 1 1
voice/backend/bot/internal/grpcsvc/interaction.go:598.32,599.59 1 1
voice/backend/bot/internal/grpcsvc/interaction.go:599.59,601.4 1 1
voice/backend/bot/internal/grpcsvc/interaction.go:602.3,602.57 1 1
voice/backend/bot/internal/grpcsvc/interaction.go:602.57,604.4 1 1
voice/backend/bot/internal/grpcsvc/interaction.go:606.2,607.16 2 1
voice/backend/bot/internal/grpcsvc/interaction.go:607.16,609.3 1 0
voice/backend/bot/internal/grpcsvc/interaction.go:610.2,610.14 1 1
voice/backend/bot/internal/grpcsvc/interaction.go:610.14,612.3 1 1
voice/backend/bot/internal/grpcsvc/interaction.go:613.2,614.16 2 1
voice/backend/bot/internal/grpcsvc/interaction.go:614.16,616.3 1 0
voice/backend/bot/internal/grpcsvc/interaction.go:617.2,617.57 1 1
voice/backend/bot/internal/grpcsvc/interaction.go:620.129,623.2 2 0
voice/backend/bot/internal/grpcsvc/interaction.go:625.125,627.16 2 1
voice/backend/bot/internal/grpcsvc/interaction.go:627.16,629.3 1 0
voice/backend/bot/internal/grpcsvc/interaction.go:630.2,631.16 2 1
voice/backend/bot/internal/grpcsvc/interaction.go:631.16,633.3 1 0
voice/backend/bot/internal/grpcsvc/interaction.go:634.2,635.16 2 1
voice/backend/bot/internal/grpcsvc/interaction.go:635.16,637.3 1 0
voice/backend/bot/internal/grpcsvc/interaction.go:638.2,639.28 2 1
voice/backend/bot/internal/grpcsvc/interaction.go:639.28,641.3 1 1
voice/backend/bot/internal/grpcsvc/interaction.go:642.2,643.16 2 1
voice/backend/bot/internal/grpcsvc/interaction.go:643.16,645.3 1 0
voice/backend/bot/internal/grpcsvc/interaction.go:646.2,646.44 1 1
voice/backend/bot/internal/grpcsvc/interaction.go:649.128,651.16 2 1
voice/backend/bot/internal/grpcsvc/interaction.go:651.16,653.3 1 1
voice/backend/bot/internal/grpcsvc/interaction.go:654.2,655.21 2 1
voice/backend/bot/internal/grpcsvc/interaction.go:655.21,657.3 1 1
voice/backend/bot/internal/grpcsvc/interaction.go:658.2,659.19 2 1
voice/backend/bot/internal/grpcsvc/interaction.go:659.19,661.3 1 1
voice/backend/bot/internal/grpcsvc/interaction.go:662.2,662.24 1 1
voice/backend/bot/internal/grpcsvc/interaction.go:662.24,664.3 1 1
voice/backend/bot/internal/grpcsvc/interaction.go:665.2,673.16 3 1
voice/backend/bot/internal/grpcsvc/interaction.go:673.16,675.3 1 1
voice/backend/bot/internal/grpcsvc/interaction.go:676.2,676.71 1 1
voice/backend/bot/internal/grpcsvc/interaction.go:679.208,681.33 2 1
voice/backend/bot/internal/grpcsvc/interaction.go:681.33,683.3 1 0
voice/backend/bot/internal/grpcsvc/interaction.go:684.2,684.15 1 1
voice/backend/bot/internal/grpcsvc/interaction.go:684.15,691.3 1 1
voice/backend/bot/internal/grpcsvc/interaction.go:692.2,693.16 2 1
voice/backend/bot/internal/grpcsvc/interaction.go:693.16,695.3 1 0
voice/backend/bot/internal/grpcsvc/interaction.go:696.2,700.8 1 1
voice/backend/bot/internal/grpcsvc/interaction.go:703.54,706.2 2 1
voice/backend/bot/internal/grpcsvc/interaction.go:708.142,709.24 1 1
voice/backend/bot/internal/grpcsvc/interaction.go:709.24,711.3 1 0
voice/backend/bot/internal/grpcsvc/interaction.go:712.2,720.16 3 1
voice/backend/bot/internal/grpcsvc/interaction.go:720.16,722.3 1 0
voice/backend/bot/internal/grpcsvc/interaction.go:723.2,723.31 1 1
