mode: set
voice/backend/role/permissions/permissions.go:112.43,114.9 2 1
voice/backend/role/permissions/permissions.go:114.9,116.3 1 0
voice/backend/role/permissions/permissions.go:117.2,117.17 1 1
voice/backend/role/permissions/permissions.go:121.37,123.40 2 1
voice/backend/role/permissions/permissions.go:123.40,124.20 1 1
voice/backend/role/permissions/permissions.go:124.20,126.4 1 1
voice/backend/role/permissions/permissions.go:128.2,128.14 1 1
voice/backend/role/permissions/permissions.go:132.32,134.37 2 1
voice/backend/role/permissions/permissions.go:134.37,136.3 1 1
voice/backend/role/permissions/permissions.go:137.2,137.18 1 1
voice/backend/role/permissions/permissions.go:148.46,150.16 2 1
voice/backend/role/permissions/permissions.go:150.16,152.3 1 0
voice/backend/role/permissions/permissions.go:153.2,154.16 2 1
voice/backend/role/permissions/permissions.go:154.16,156.3 1 0
voice/backend/role/permissions/permissions.go:157.2,158.16 2 1
voice/backend/role/permissions/permissions.go:158.16,160.3 1 0
voice/backend/role/permissions/permissions.go:161.2,162.16 2 1
voice/backend/role/permissions/permissions.go:162.16,164.3 1 0
voice/backend/role/permissions/permissions.go:165.2,171.8 1 1
voice/backend/role/permissions/permissions.go:174.42,182.26 3 1
voice/backend/role/permissions/permissions.go:182.26,184.17 2 1
voice/backend/role/permissions/permissions.go:184.17,186.4 1 0
voice/backend/role/permissions/permissions.go:187.3,187.14 1 1
voice/backend/role/permissions/permissions.go:189.2,189.18 1 1
voice/backend/role/permissions/permissions.go:192.45,194.16 2 1
voice/backend/role/permissions/permissions.go:194.16,196.3 1 0
voice/backend/role/permissions/permissions.go:197.2,201.4 1 1
voice/backend/role/permissions/permissions.go:201.4,203.17 2 1
voice/backend/role/permissions/permissions.go:203.17,205.4 1 0
voice/backend/role/permissions/permissions.go:206.3,206.16 1 1
voice/backend/role/permissions/permissions.go:208.2,208.20 1 1
voice/backend/role/permissions/permissions.go:211.41,213.2 1 1
voice/backend/role/permissions/permissions.go:216.60,218.16 2 1
voice/backend/role/permissions/permissions.go:218.16,220.3 1 0
voice/backend/role/permissions/permissions.go:221.2,221.27 1 1
voice/backend/role/internal/store/roles.go:17.88,18.31 1 1
voice/backend/role/internal/store/roles.go:18.31,20.3 1 0
voice/backend/role/internal/store/roles.go:21.2,22.16 2 1
voice/backend/role/internal/store/roles.go:22.16,24.3 1 0
voice/backend/role/internal/store/roles.go:25.2,25.23 1 1
voice/backend/role/internal/store/roles.go:25.23,27.3 1 0
voice/backend/role/internal/store/roles.go:28.2,29.16 2 1
voice/backend/role/internal/store/roles.go:29.16,31.3 1 0
voice/backend/role/internal/store/roles.go:32.2,32.29 1 1
voice/backend/role/internal/store/roles.go:32.29,38.17 3 1
voice/backend/role/internal/store/roles.go:38.17,40.4 1 0
voice/backend/role/internal/store/roles.go:42.2,42.12 1 1
voice/backend/role/internal/store/roles.go:46.103,47.61 1 1
voice/backend/role/internal/store/roles.go:47.61,49.3 1 0
voice/backend/role/internal/store/roles.go:50.2,51.16 2 1
voice/backend/role/internal/store/roles.go:51.16,53.3 1 0
voice/backend/role/internal/store/roles.go:54.2,54.26 1 1
voice/backend/role/internal/store/roles.go:54.26,55.38 1 1
voice/backend/role/internal/store/roles.go:55.38,57.4 1 1
voice/backend/role/internal/store/roles.go:59.2,59.24 1 0
voice/backend/role/internal/store/roles.go:62.48,67.16 5 1
voice/backend/role/internal/store/roles.go:67.16,69.3 1 0
voice/backend/role/internal/store/roles.go:70.2,72.15 3 1
voice/backend/role/internal/store/roles.go:76.90,77.31 1 1
voice/backend/role/internal/store/roles.go:77.31,79.3 1 0
voice/backend/role/internal/store/roles.go:80.2,86.16 2 1
voice/backend/role/internal/store/roles.go:86.16,88.3 1 0
voice/backend/role/internal/store/roles.go:89.2,91.18 3 1
voice/backend/role/internal/store/roles.go:91.18,93.17 2 1
voice/backend/role/internal/store/roles.go:93.17,95.4 1 0
voice/backend/role/internal/store/roles.go:96.3,96.23 1 1
voice/backend/role/internal/store/roles.go:98.2,98.24 1 1
voice/backend/role/internal/store/roles.go:102.90,108.35 3 1
voice/backend/role/internal/store/roles.go:108.35,110.3 1 0
voice/backend/role/internal/store/roles.go:111.2,111.16 1 1
voice/backend/role/internal/store/roles.go:111.16,113.3 1 0
voice/backend/role/internal/store/roles.go:114.2,114.16 1 1
voice/backend/role/internal/store/roles.go:118.115,119.31 1 1
voice/backend/role/internal/store/roles.go:119.31,121.3 1 0
voice/backend/role/internal/store/roles.go:122.2,127.12 2 1
voice/backend/role/internal/store/roles.go:131.103,136.2 2 0
voice/backend/role/internal/store/roles.go:139.106,140.31 1 1
voice/backend/role/internal/store/roles.go:140.31,142.3 1 0
voice/backend/role/internal/store/roles.go:143.2,150.16 2 1
voice/backend/role/internal/store/roles.go:150.16,152.3 1 0
voice/backend/role/internal/store/roles.go:153.2,155.18 3 1
voice/backend/role/internal/store/roles.go:155.18,157.17 2 1
voice/backend/role/internal/store/roles.go:157.17,159.4 1 0
voice/backend/role/internal/store/roles.go:160.3,160.23 1 1
voice/backend/role/internal/store/roles.go:162.2,162.24 1 1
voice/backend/role/internal/store/roles.go:166.137,168.16 2 1
voice/backend/role/internal/store/roles.go:168.16,170.3 1 0
voice/backend/role/internal/store/roles.go:171.2,172.16 2 1
voice/backend/role/internal/store/roles.go:172.16,174.3 1 0
voice/backend/role/internal/store/roles.go:175.2,175.26 1 1
voice/backend/role/internal/store/roles.go:175.26,176.38 1 1
voice/backend/role/internal/store/roles.go:176.38,178.4 1 1
voice/backend/role/internal/store/roles.go:180.2,180.26 1 1
voice/backend/role/internal/store/roles.go:180.26,181.38 1 1
voice/backend/role/internal/store/roles.go:181.38,183.4 1 1
voice/backend/role/internal/store/roles.go:185.2,186.72 2 1
voice/backend/role/internal/store/roles.go:186.72,188.3 1 0
voice/backend/role/internal/store/roles.go:188.8,188.31 1 1
voice/backend/role/internal/store/roles.go:188.31,190.3 1 1
voice/backend/role/internal/store/roles.go:191.2,191.26 1 1
voice/backend/role/internal/store/roles.go:191.26,193.3 1 1
voice/backend/role/internal/store/roles.go:194.2,194.19 1 1
voice/backend/role/internal/store/roles.go:194.19,196.17 2 1
voice/backend/role/internal/store/roles.go:196.17,198.4 1 0
voice/backend/role/internal/store/roles.go:199.3,200.25 2 1
voice/backend/role/internal/store/roles.go:202.2,202.24 1 1
voice/backend/role/internal/store/roles.go:202.24,204.17 2 1
voice/backend/role/internal/store/roles.go:204.17,206.4 1 0
voice/backend/role/internal/store/roles.go:207.3,208.25 2 1
voice/backend/role/internal/store/roles.go:210.2,210.18 1 1
voice/backend/role/internal/store/roles.go:218.119,220.26 2 1
voice/backend/role/internal/store/roles.go:220.26,225.36 3 1
voice/backend/role/internal/store/roles.go:225.36,226.12 1 0
voice/backend/role/internal/store/roles.go:228.3,228.17 1 1
voice/backend/role/internal/store/roles.go:228.17,230.4 1 0
voice/backend/role/internal/store/roles.go:231.3,232.27 2 1
voice/backend/role/internal/store/roles.go:234.2,234.17 1 1
voice/backend/role/internal/store/roles.go:237.125,239.26 2 1
voice/backend/role/internal/store/roles.go:239.26,244.36 3 1
voice/backend/role/internal/store/roles.go:244.36,245.12 1 0
voice/backend/role/internal/store/roles.go:247.3,247.17 1 1
voice/backend/role/internal/store/roles.go:247.17,249.4 1 0
voice/backend/role/internal/store/roles.go:250.3,251.27 2 1
voice/backend/role/internal/store/roles.go:253.2,253.17 1 1
voice/backend/role/internal/store/roles.go:257.119,259.16 2 1
voice/backend/role/internal/store/roles.go:259.16,261.3 1 0
voice/backend/role/internal/store/roles.go:262.2,263.33 2 1
voice/backend/role/internal/store/roles.go:263.33,265.3 1 0
voice/backend/role/internal/store/roles.go:266.2,267.16 2 1
voice/backend/role/internal/store/roles.go:267.16,269.3 1 0
voice/backend/role/internal/store/roles.go:270.2,271.32 2 1
voice/backend/role/internal/store/roles.go:271.32,272.39 1 1
voice/backend/role/internal/store/roles.go:272.39,274.4 1 0
voice/backend/role/internal/store/roles.go:275.3,275.29 1 1
voice/backend/role/internal/store/roles.go:275.29,277.4 1 1
voice/backend/role/internal/store/roles.go:279.2,279.18 1 1
voice/backend/role/internal/store/roles.go:279.18,281.3 1 0
voice/backend/role/internal/store/roles.go:282.2,283.16 2 1
voice/backend/role/internal/store/roles.go:283.16,285.3 1 0
voice/backend/role/internal/store/roles.go:286.2,286.25 1 1
voice/backend/role/internal/store/roles.go:286.25,288.3 1 0
voice/backend/role/internal/store/roles.go:289.2,289.40 1 1
voice/backend/role/internal/store/roles.go:293.110,300.2 2 1
voice/backend/role/internal/store/roles.go:303.156,305.16 2 0
voice/backend/role/internal/store/roles.go:305.16,307.3 1 0
voice/backend/role/internal/store/roles.go:308.2,308.26 1 0
voice/backend/role/internal/store/roles.go:308.26,309.75 1 0
voice/backend/role/internal/store/roles.go:309.75,311.4 1 0
voice/backend/role/internal/store/roles.go:313.2,313.12 1 0
voice/backend/role/internal/store/roles.go:317.120,324.2 2 1
voice/backend/role/internal/store/roles.go:327.149,334.16 3 1
voice/backend/role/internal/store/roles.go:334.16,336.3 1 0
voice/backend/role/internal/store/roles.go:337.2,337.31 1 1
voice/backend/role/internal/store/roles.go:341.145,343.30 2 0
voice/backend/role/internal/store/roles.go:343.30,345.3 1 0
voice/backend/role/internal/store/roles.go:346.2,346.17 1 0
voice/backend/role/internal/store/roles.go:346.17,348.3 1 0
voice/backend/role/internal/store/roles.go:349.2,352.17 4 0
voice/backend/role/internal/store/roles.go:352.17,354.3 1 0
voice/backend/role/internal/store/roles.go:355.2,355.28 1 0
voice/backend/role/internal/store/roles.go:355.28,357.3 1 0
voice/backend/role/internal/store/roles.go:358.2,358.21 1 0
voice/backend/role/internal/store/roles.go:358.21,360.3 1 0
voice/backend/role/internal/store/roles.go:361.2,365.16 2 0
voice/backend/role/internal/store/roles.go:365.16,367.3 1 0
voice/backend/role/internal/store/roles.go:368.2,368.35 1 0
voice/backend/role/internal/store/roles.go:372.77,374.30 2 0
voice/backend/role/internal/store/roles.go:374.30,376.3 1 0
voice/backend/role/internal/store/roles.go:377.2,377.17 1 0
voice/backend/role/internal/store/roles.go:377.17,379.3 1 0
voice/backend/role/internal/store/roles.go:380.2,381.12 2 0
voice/backend/role/internal/store/roles.go:385.108,386.31 1 1
voice/backend/role/internal/store/roles.go:386.31,388.3 1 0
voice/backend/role/internal/store/roles.go:389.2,390.16 2 1
voice/backend/role/internal/store/roles.go:390.16,392.3 1 0
voice/backend/role/internal/store/roles.go:393.2,393.15 1 1
voice/backend/role/internal/store/roles.go:393.15,393.39 1 1
voice/backend/role/internal/store/roles.go:394.2,395.36 2 1
voice/backend/role/internal/store/roles.go:395.36,401.17 3 1
voice/backend/role/internal/store/roles.go:401.17,403.4 1 0
voice/backend/role/internal/store/roles.go:405.2,405.23 1 1
voice/backend/role/internal/store/roles.go:409.121,410.31 1 1
voice/backend/role/internal/store/roles.go:410.31,412.3 1 0
voice/backend/role/internal/store/roles.go:413.2,420.19 3 1
voice/backend/role/internal/store/roles.go:420.19,423.3 2 1
voice/backend/role/internal/store/roles.go:424.2,425.16 2 1
voice/backend/role/internal/store/roles.go:425.16,427.3 1 0
voice/backend/role/internal/store/roles.go:428.2,430.18 3 1
voice/backend/role/internal/store/roles.go:430.18,433.91 3 1
voice/backend/role/internal/store/roles.go:433.91,435.4 1 0
voice/backend/role/internal/store/roles.go:436.3,438.25 3 1
voice/backend/role/internal/store/roles.go:440.2,440.24 1 1
voice/backend/role/internal/store/roles.go:444.131,445.31 1 1
voice/backend/role/internal/store/roles.go:445.31,447.3 1 0
voice/backend/role/internal/store/roles.go:448.2,455.24 3 1
voice/backend/role/internal/store/roles.go:455.24,458.3 2 1
voice/backend/role/internal/store/roles.go:459.2,460.16 2 1
voice/backend/role/internal/store/roles.go:460.16,462.3 1 0
voice/backend/role/internal/store/roles.go:463.2,465.18 3 1
voice/backend/role/internal/store/roles.go:465.18,468.96 3 0
voice/backend/role/internal/store/roles.go:468.96,470.4 1 0
voice/backend/role/internal/store/roles.go:471.3,473.25 3 0
voice/backend/role/internal/store/roles.go:475.2,475.24 1 1
voice/backend/role/internal/store/roles.go:479.93,484.2 2 0
voice/backend/role/internal/store/roles.go:487.103,492.2 2 1
voice/backend/role/internal/store/roles.go:495.94,497.56 2 1
voice/backend/role/internal/store/roles.go:497.56,499.3 1 0
voice/backend/role/internal/store/roles.go:500.2,501.16 2 1
voice/backend/role/internal/store/roles.go:501.16,503.3 1 0
voice/backend/role/internal/store/roles.go:504.2,504.15 1 1
voice/backend/role/internal/store/roles.go:504.15,504.39 1 1
voice/backend/role/internal/store/roles.go:505.2,507.25 1 1
voice/backend/role/internal/store/roles.go:507.25,509.3 1 0
voice/backend/role/internal/store/roles.go:510.2,512.33 1 1
voice/backend/role/internal/store/roles.go:512.33,514.3 1 0
voice/backend/role/internal/store/roles.go:515.2,515.23 1 1
voice/backend/role/internal/store/roles.go:519.98,520.31 1 1
voice/backend/role/internal/store/roles.go:520.31,522.3 1 0
voice/backend/role/internal/store/roles.go:523.2,529.35 3 1
voice/backend/role/internal/store/roles.go:529.35,531.3 1 0
voice/backend/role/internal/store/roles.go:532.2,532.16 1 1
voice/backend/role/internal/store/roles.go:532.16,534.3 1 0
voice/backend/role/internal/store/roles.go:535.2,535.16 1 1
voice/backend/role/internal/store/roles.go:539.108,541.16 2 0
voice/backend/role/internal/store/roles.go:541.16,543.3 1 0
voice/backend/role/internal/store/roles.go:544.2,544.31 1 0
voice/backend/role/internal/store/roles.go:548.117,550.62 2 1
voice/backend/role/internal/store/roles.go:550.62,552.3 1 0
voice/backend/role/internal/store/roles.go:553.2,553.20 1 1
voice/backend/role/internal/store/roles.go:553.20,555.3 1 1
voice/backend/role/internal/store/roles.go:556.2,557.16 2 0
voice/backend/role/internal/store/roles.go:557.16,559.3 1 0
voice/backend/role/internal/store/roles.go:560.2,561.16 2 0
voice/backend/role/internal/store/roles.go:561.16,563.3 1 0
voice/backend/role/internal/store/roles.go:564.2,564.25 1 0
voice/backend/role/internal/store/roles.go:564.25,566.3 1 0
voice/backend/role/internal/store/roles.go:567.2,568.16 2 0
voice/backend/role/internal/store/roles.go:568.16,570.3 1 0
voice/backend/role/internal/store/roles.go:571.2,572.32 2 0
voice/backend/role/internal/store/roles.go:572.32,573.39 1 0
voice/backend/role/internal/store/roles.go:573.39,575.4 1 0
voice/backend/role/internal/store/roles.go:576.3,576.29 1 0
voice/backend/role/internal/store/roles.go:576.29,578.4 1 0
voice/backend/role/internal/store/roles.go:580.2,580.40 1 0
voice/backend/role/internal/store/roles.go:584.106,589.35 3 1
voice/backend/role/internal/store/roles.go:589.35,591.3 1 0
voice/backend/role/internal/store/roles.go:592.2,592.16 1 1
voice/backend/role/internal/store/roles_test_helpers.go:16.36,21.2 4 1
voice/backend/role/internal/store/roles_test_helpers.go:24.79,27.2 2 1
voice/backend/role/internal/store/roles_test_helpers.go:30.93,40.4 3 1
voice/backend/role/internal/store/roles_test_helpers.go:40.4,45.3 4 1
voice/backend/role/internal/grpcsvc/roles.go:19.59,21.15 2 1
voice/backend/role/internal/grpcsvc/roles.go:21.15,23.3 1 0
voice/backend/role/internal/grpcsvc/roles.go:24.2,25.16 2 1
voice/backend/role/internal/grpcsvc/roles.go:25.16,27.3 1 0
voice/backend/role/internal/grpcsvc/roles.go:28.2,28.16 1 1
voice/backend/role/internal/grpcsvc/roles.go:31.52,32.14 1 1
voice/backend/role/internal/grpcsvc/roles.go:32.14,34.3 1 0
voice/backend/role/internal/grpcsvc/roles.go:35.2,43.3 1 1
voice/backend/role/internal/grpcsvc/roles.go:46.146,47.32 1 0
voice/backend/role/internal/grpcsvc/roles.go:47.32,49.3 1 0
voice/backend/role/internal/grpcsvc/roles.go:50.2,51.16 2 0
voice/backend/role/internal/grpcsvc/roles.go:51.16,53.3 1 0
voice/backend/role/internal/grpcsvc/roles.go:54.2,55.16 2 0
voice/backend/role/internal/grpcsvc/roles.go:55.16,57.3 1 0
voice/backend/role/internal/grpcsvc/roles.go:58.2,58.75 1 0
voice/backend/role/internal/grpcsvc/roles.go:58.75,60.3 1 0
voice/backend/role/internal/grpcsvc/roles.go:61.2,61.21 1 0
voice/backend/role/internal/grpcsvc/roles.go:61.21,63.27 2 0
voice/backend/role/internal/grpcsvc/roles.go:63.27,65.4 1 0
voice/backend/role/internal/grpcsvc/roles.go:67.2,67.51 1 0
voice/backend/role/internal/grpcsvc/roles.go:70.116,71.32 1 1
voice/backend/role/internal/grpcsvc/roles.go:71.32,73.3 1 0
voice/backend/role/internal/grpcsvc/roles.go:74.2,75.16 2 1
voice/backend/role/internal/grpcsvc/roles.go:75.16,77.3 1 0
voice/backend/role/internal/grpcsvc/roles.go:78.2,79.16 2 1
voice/backend/role/internal/grpcsvc/roles.go:79.16,81.3 1 0
voice/backend/role/internal/grpcsvc/roles.go:82.2,83.22 2 1
voice/backend/role/internal/grpcsvc/roles.go:83.22,85.3 1 1
voice/backend/role/internal/grpcsvc/roles.go:86.2,86.79 1 1
voice/backend/role/internal/grpcsvc/roles.go:89.119,90.32 1 1
voice/backend/role/internal/grpcsvc/roles.go:90.32,92.3 1 0
voice/backend/role/internal/grpcsvc/roles.go:93.2,94.9 2 1
voice/backend/role/internal/grpcsvc/roles.go:94.9,96.3 1 0
voice/backend/role/internal/grpcsvc/roles.go:97.2,98.16 2 1
voice/backend/role/internal/grpcsvc/roles.go:98.16,100.3 1 0
voice/backend/role/internal/grpcsvc/roles.go:101.2,101.66 1 1
voice/backend/role/internal/grpcsvc/roles.go:101.66,103.3 1 1
voice/backend/role/internal/grpcsvc/roles.go:104.2,105.16 2 1
voice/backend/role/internal/grpcsvc/roles.go:105.16,107.3 1 0
voice/backend/role/internal/grpcsvc/roles.go:108.2,109.16 2 1
voice/backend/role/internal/grpcsvc/roles.go:109.16,111.3 1 0
voice/backend/role/internal/grpcsvc/roles.go:112.2,112.21 1 1
voice/backend/role/internal/grpcsvc/roles.go:112.21,114.3 1 0
voice/backend/role/internal/grpcsvc/roles.go:115.2,115.67 1 1
voice/backend/role/internal/grpcsvc/roles.go:118.119,119.32 1 1
voice/backend/role/internal/grpcsvc/roles.go:119.32,121.3 1 0
voice/backend/role/internal/grpcsvc/roles.go:122.2,123.9 2 1
voice/backend/role/internal/grpcsvc/roles.go:123.9,125.3 1 0
voice/backend/role/internal/grpcsvc/roles.go:126.2,127.16 2 1
voice/backend/role/internal/grpcsvc/roles.go:127.16,129.3 1 0
voice/backend/role/internal/grpcsvc/roles.go:130.2,131.16 2 1
voice/backend/role/internal/grpcsvc/roles.go:131.16,133.3 1 0
voice/backend/role/internal/grpcsvc/roles.go:134.2,135.16 2 1
voice/backend/role/internal/grpcsvc/roles.go:135.16,137.3 1 0
voice/backend/role/internal/grpcsvc/roles.go:138.2,139.16 2 1
voice/backend/role/internal/grpcsvc/roles.go:139.16,141.3 1 0
voice/backend/role/internal/grpcsvc/roles.go:142.2,142.10 1 1
voice/backend/role/internal/grpcsvc/roles.go:142.10,144.3 1 1
voice/backend/role/internal/grpcsvc/roles.go:145.2,145.89 1 1
voice/backend/role/internal/grpcsvc/roles.go:145.89,147.3 1 0
voice/backend/role/internal/grpcsvc/roles.go:148.2,148.21 1 1
voice/backend/role/internal/grpcsvc/roles.go:148.21,150.3 1 0
voice/backend/role/internal/grpcsvc/roles.go:151.2,151.42 1 1
voice/backend/role/internal/grpcsvc/roles.go:154.119,155.32 1 0
voice/backend/role/internal/grpcsvc/roles.go:155.32,157.3 1 0
voice/backend/role/internal/grpcsvc/roles.go:158.2,159.9 2 0
voice/backend/role/internal/grpcsvc/roles.go:159.9,161.3 1 0
voice/backend/role/internal/grpcsvc/roles.go:162.2,163.16 2 0
voice/backend/role/internal/grpcsvc/roles.go:163.16,165.3 1 0
voice/backend/role/internal/grpcsvc/roles.go:166.2,167.16 2 0
voice/backend/role/internal/grpcsvc/roles.go:167.16,169.3 1 0
voice/backend/role/internal/grpcsvc/roles.go:170.2,171.16 2 0
voice/backend/role/internal/grpcsvc/roles.go:171.16,173.3 1 0
voice/backend/role/internal/grpcsvc/roles.go:174.2,175.16 2 0
voice/backend/role/internal/grpcsvc/roles.go:175.16,177.3 1 0
voice/backend/role/internal/grpcsvc/roles.go:178.2,178.10 1 0
voice/backend/role/internal/grpcsvc/roles.go:178.10,180.3 1 0
voice/backend/role/internal/grpcsvc/roles.go:181.2,181.82 1 0
voice/backend/role/internal/grpcsvc/roles.go:181.82,183.3 1 0
voice/backend/role/internal/grpcsvc/roles.go:184.2,184.21 1 0
voice/backend/role/internal/grpcsvc/roles.go:184.21,186.3 1 0
voice/backend/role/internal/grpcsvc/roles.go:187.2,187.42 1 0
voice/backend/role/internal/grpcsvc/roles.go:190.131,191.32 1 1
voice/backend/role/internal/grpcsvc/roles.go:191.32,193.3 1 0
voice/backend/role/internal/grpcsvc/roles.go:194.2,195.16 2 1
voice/backend/role/internal/grpcsvc/roles.go:195.16,197.3 1 0
voice/backend/role/internal/grpcsvc/roles.go:198.2,199.16 2 1
voice/backend/role/internal/grpcsvc/roles.go:199.16,201.3 1 0
voice/backend/role/internal/grpcsvc/roles.go:202.2,203.16 2 1
voice/backend/role/internal/grpcsvc/roles.go:203.16,205.3 1 0
voice/backend/role/internal/grpcsvc/roles.go:206.2,207.22 2 1
voice/backend/role/internal/grpcsvc/roles.go:207.22,209.3 1 1
voice/backend/role/internal/grpcsvc/roles.go:210.2,210.84 1 1
voice/backend/role/internal/grpcsvc/roles.go:213.134,214.32 1 1
voice/backend/role/internal/grpcsvc/roles.go:214.32,216.3 1 0
voice/backend/role/internal/grpcsvc/roles.go:217.2,218.16 2 1
voice/backend/role/internal/grpcsvc/roles.go:218.16,220.3 1 0
voice/backend/role/internal/grpcsvc/roles.go:221.2,222.16 2 1
voice/backend/role/internal/grpcsvc/roles.go:222.16,224.3 1 0
voice/backend/role/internal/grpcsvc/roles.go:225.2,226.76 2 1
voice/backend/role/internal/grpcsvc/roles.go:226.76,228.17 2 1
voice/backend/role/internal/grpcsvc/roles.go:228.17,230.4 1 0
voice/backend/role/internal/grpcsvc/roles.go:231.3,231.15 1 1
voice/backend/role/internal/grpcsvc/roles.go:233.2,233.77 1 1
voice/backend/role/internal/grpcsvc/roles.go:233.77,235.17 2 0
voice/backend/role/internal/grpcsvc/roles.go:235.17,237.4 1 0
voice/backend/role/internal/grpcsvc/roles.go:238.3,238.20 1 0
voice/backend/role/internal/grpcsvc/roles.go:240.2,241.16 2 1
voice/backend/role/internal/grpcsvc/roles.go:241.16,243.3 1 0
voice/backend/role/internal/grpcsvc/roles.go:244.2,245.16 2 1
voice/backend/role/internal/grpcsvc/roles.go:245.16,247.3 1 0
voice/backend/role/internal/grpcsvc/roles.go:248.2,248.63 1 1
voice/backend/role/internal/grpcsvc/roles.go:251.134,252.32 1 1
voice/backend/role/internal/grpcsvc/roles.go:252.32,254.3 1 0
voice/backend/role/internal/grpcsvc/roles.go:255.2,256.9 2 1
voice/backend/role/internal/grpcsvc/roles.go:256.9,258.3 1 0
voice/backend/role/internal/grpcsvc/roles.go:259.2,260.16 2 1
voice/backend/role/internal/grpcsvc/roles.go:260.16,262.3 1 0
voice/backend/role/internal/grpcsvc/roles.go:263.2,263.66 1 1
voice/backend/role/internal/grpcsvc/roles.go:263.66,265.3 1 0
voice/backend/role/internal/grpcsvc/roles.go:266.2,266.76 1 1
voice/backend/role/internal/grpcsvc/roles.go:266.76,268.3 1 0
voice/backend/role/internal/grpcsvc/roles.go:269.2,270.16 2 1
voice/backend/role/internal/grpcsvc/roles.go:270.16,272.3 1 0
voice/backend/role/internal/grpcsvc/roles.go:273.2,274.16 2 1
voice/backend/role/internal/grpcsvc/roles.go:274.16,276.3 1 0
voice/backend/role/internal/grpcsvc/roles.go:277.2,278.56 2 1
voice/backend/role/internal/grpcsvc/roles.go:278.56,280.3 1 0
voice/backend/role/internal/grpcsvc/roles.go:281.2,281.108 1 1
voice/backend/role/internal/grpcsvc/roles.go:281.108,283.3 1 0
voice/backend/role/internal/grpcsvc/roles.go:284.2,284.21 1 1
voice/backend/role/internal/grpcsvc/roles.go:284.21,286.3 1 0
voice/backend/role/internal/grpcsvc/roles.go:287.2,287.47 1 1
voice/backend/role/internal/grpcsvc/roles.go:290.158,291.32 1 1
voice/backend/role/internal/grpcsvc/roles.go:291.32,293.3 1 0
voice/backend/role/internal/grpcsvc/roles.go:294.2,295.16 2 1
voice/backend/role/internal/grpcsvc/roles.go:295.16,297.3 1 0
voice/backend/role/internal/grpcsvc/roles.go:298.2,299.16 2 1
voice/backend/role/internal/grpcsvc/roles.go:299.16,301.3 1 0
voice/backend/role/internal/grpcsvc/roles.go:302.2,303.76 2 1
voice/backend/role/internal/grpcsvc/roles.go:303.76,305.17 2 0
voice/backend/role/internal/grpcsvc/roles.go:305.17,307.4 1 0
voice/backend/role/internal/grpcsvc/roles.go:308.3,308.15 1 0
voice/backend/role/internal/grpcsvc/roles.go:310.2,310.77 1 1
voice/backend/role/internal/grpcsvc/roles.go:310.77,312.17 2 0
voice/backend/role/internal/grpcsvc/roles.go:312.17,314.4 1 0
voice/backend/role/internal/grpcsvc/roles.go:315.3,315.20 1 0
voice/backend/role/internal/grpcsvc/roles.go:317.2,318.16 2 1
voice/backend/role/internal/grpcsvc/roles.go:318.16,320.3 1 0
voice/backend/role/internal/grpcsvc/roles.go:321.2,326.8 1 1
voice/backend/role/internal/grpcsvc/roles_manage.go:18.92,20.16 2 1
voice/backend/role/internal/grpcsvc/roles_manage.go:20.16,22.3 1 0
voice/backend/role/internal/grpcsvc/roles_manage.go:23.2,24.16 2 1
voice/backend/role/internal/grpcsvc/roles_manage.go:24.16,26.3 1 0
voice/backend/role/internal/grpcsvc/roles_manage.go:27.2,27.19 1 1
voice/backend/role/internal/grpcsvc/roles_manage.go:27.19,29.3 1 1
voice/backend/role/internal/grpcsvc/roles_manage.go:30.2,30.12 1 1
voice/backend/role/internal/grpcsvc/roles_manage.go:33.119,34.32 1 1
voice/backend/role/internal/grpcsvc/roles_manage.go:34.32,36.3 1 0
voice/backend/role/internal/grpcsvc/roles_manage.go:37.2,38.9 2 1
voice/backend/role/internal/grpcsvc/roles_manage.go:38.9,40.3 1 0
voice/backend/role/internal/grpcsvc/roles_manage.go:41.2,42.16 2 1
voice/backend/role/internal/grpcsvc/roles_manage.go:42.16,44.3 1 0
voice/backend/role/internal/grpcsvc/roles_manage.go:45.2,46.30 2 1
voice/backend/role/internal/grpcsvc/roles_manage.go:46.30,48.3 1 0
voice/backend/role/internal/grpcsvc/roles_manage.go:49.2,49.70 1 1
voice/backend/role/internal/grpcsvc/roles_manage.go:49.70,51.3 1 0
voice/backend/role/internal/grpcsvc/roles_manage.go:52.2,53.16 2 1
voice/backend/role/internal/grpcsvc/roles_manage.go:53.16,55.3 1 0
voice/backend/role/internal/grpcsvc/roles_manage.go:56.2,56.10 1 1
voice/backend/role/internal/grpcsvc/roles_manage.go:56.10,58.3 1 0
voice/backend/role/internal/grpcsvc/roles_manage.go:59.2,60.21 2 1
voice/backend/role/internal/grpcsvc/roles_manage.go:60.21,62.14 2 1
voice/backend/role/internal/grpcsvc/roles_manage.go:62.14,64.4 1 0
voice/backend/role/internal/grpcsvc/roles_manage.go:65.3,65.12 1 1
voice/backend/role/internal/grpcsvc/roles_manage.go:67.2,68.16 2 1
voice/backend/role/internal/grpcsvc/roles_manage.go:68.16,70.3 1 0
voice/backend/role/internal/grpcsvc/roles_manage.go:71.2,71.21 1 1
voice/backend/role/internal/grpcsvc/roles_manage.go:71.21,73.3 1 0
voice/backend/role/internal/grpcsvc/roles_manage.go:74.2,74.71 1 1
voice/backend/role/internal/grpcsvc/roles_manage.go:77.119,78.32 1 1
voice/backend/role/internal/grpcsvc/roles_manage.go:78.32,80.3 1 0
voice/backend/role/internal/grpcsvc/roles_manage.go:81.2,82.9 2 1
voice/backend/role/internal/grpcsvc/roles_manage.go:82.9,84.3 1 0
voice/backend/role/internal/grpcsvc/roles_manage.go:85.2,86.16 2 1
voice/backend/role/internal/grpcsvc/roles_manage.go:86.16,88.3 1 0
voice/backend/role/internal/grpcsvc/roles_manage.go:89.2,90.30 2 1
voice/backend/role/internal/grpcsvc/roles_manage.go:90.30,92.3 1 0
voice/backend/role/internal/grpcsvc/roles_manage.go:93.2,93.70 1 1
voice/backend/role/internal/grpcsvc/roles_manage.go:93.70,95.3 1 0
voice/backend/role/internal/grpcsvc/roles_manage.go:96.2,97.16 2 1
voice/backend/role/internal/grpcsvc/roles_manage.go:97.16,99.3 1 0
voice/backend/role/internal/grpcsvc/roles_manage.go:100.2,100.10 1 1
voice/backend/role/internal/grpcsvc/roles_manage.go:100.10,102.3 1 1
voice/backend/role/internal/grpcsvc/roles_manage.go:103.2,103.56 1 1
voice/backend/role/internal/grpcsvc/roles_manage.go:103.56,105.3 1 0
voice/backend/role/internal/grpcsvc/roles_manage.go:106.2,106.21 1 1
voice/backend/role/internal/grpcsvc/roles_manage.go:106.21,108.3 1 0
voice/backend/role/internal/grpcsvc/roles_manage.go:109.2,109.42 1 1
voice/backend/role/internal/grpcsvc/roles_manage.go:112.125,113.32 1 0
voice/backend/role/internal/grpcsvc/roles_manage.go:113.32,115.3 1 0
voice/backend/role/internal/grpcsvc/roles_manage.go:116.2,117.9 2 0
voice/backend/role/internal/grpcsvc/roles_manage.go:117.9,119.3 1 0
voice/backend/role/internal/grpcsvc/roles_manage.go:120.2,121.16 2 0
voice/backend/role/internal/grpcsvc/roles_manage.go:121.16,123.3 1 0
voice/backend/role/internal/grpcsvc/roles_manage.go:124.2,124.66 1 0
voice/backend/role/internal/grpcsvc/roles_manage.go:124.66,126.3 1 0
voice/backend/role/internal/grpcsvc/roles_manage.go:127.2,128.46 2 0
voice/backend/role/internal/grpcsvc/roles_manage.go:128.46,130.17 2 0
voice/backend/role/internal/grpcsvc/roles_manage.go:130.17,132.4 1 0
voice/backend/role/internal/grpcsvc/roles_manage.go:133.3,134.17 2 0
voice/backend/role/internal/grpcsvc/roles_manage.go:134.17,136.4 1 0
voice/backend/role/internal/grpcsvc/roles_manage.go:137.3,137.11 1 0
voice/backend/role/internal/grpcsvc/roles_manage.go:137.11,139.4 1 0
voice/backend/role/internal/grpcsvc/roles_manage.go:140.3,140.24 1 0
voice/backend/role/internal/grpcsvc/roles_manage.go:142.2,142.64 1 0
voice/backend/role/internal/grpcsvc/roles_manage.go:142.64,144.3 1 0
voice/backend/role/internal/grpcsvc/roles_manage.go:145.2,145.44 1 0
voice/backend/role/internal/grpcsvc/roles_manage.go:148.143,149.32 1 1
voice/backend/role/internal/grpcsvc/roles_manage.go:149.32,151.3 1 0
voice/backend/role/internal/grpcsvc/roles_manage.go:152.2,153.9 2 1
voice/backend/role/internal/grpcsvc/roles_manage.go:153.9,155.3 1 0
voice/backend/role/internal/grpcsvc/roles_manage.go:156.2,157.16 2 1
voice/backend/role/internal/grpcsvc/roles_manage.go:157.16,159.3 1 0
voice/backend/role/internal/grpcsvc/roles_manage.go:160.2,160.66 1 1
voice/backend/role/internal/grpcsvc/roles_manage.go:160.66,162.3 1 0
voice/backend/role/internal/grpcsvc/roles_manage.go:163.2,163.76 1 1
voice/backend/role/internal/grpcsvc/roles_manage.go:163.76,165.3 1 0
voice/backend/role/internal/grpcsvc/roles_manage.go:166.2,167.16 2 1
voice/backend/role/internal/grpcsvc/roles_manage.go:167.16,169.3 1 0
voice/backend/role/internal/grpcsvc/roles_manage.go:170.2,171.16 2 1
voice/backend/role/internal/grpcsvc/roles_manage.go:171.16,173.3 1 0
voice/backend/role/internal/grpcsvc/roles_manage.go:174.2,174.72 1 1
voice/backend/role/internal/grpcsvc/roles_manage.go:174.72,176.3 1 0
voice/backend/role/internal/grpcsvc/roles_manage.go:177.2,177.50 1 1
voice/backend/role/internal/grpcsvc/roles_manage.go:180.137,181.32 1 1
voice/backend/role/internal/grpcsvc/roles_manage.go:181.32,183.3 1 0
voice/backend/role/internal/grpcsvc/roles_manage.go:184.2,185.16 2 1
voice/backend/role/internal/grpcsvc/roles_manage.go:185.16,187.3 1 0
voice/backend/role/internal/grpcsvc/roles_manage.go:188.2,189.88 2 1
voice/backend/role/internal/grpcsvc/roles_manage.go:189.88,191.17 2 1
voice/backend/role/internal/grpcsvc/roles_manage.go:191.17,193.4 1 0
voice/backend/role/internal/grpcsvc/roles_manage.go:194.3,194.15 1 1
voice/backend/role/internal/grpcsvc/roles_manage.go:196.2,197.16 2 1
voice/backend/role/internal/grpcsvc/roles_manage.go:197.16,199.3 1 0
voice/backend/role/internal/grpcsvc/roles_manage.go:200.2,201.27 2 1
voice/backend/role/internal/grpcsvc/roles_manage.go:201.27,209.3 1 0
voice/backend/role/internal/grpcsvc/roles_manage.go:210.2,210.98 1 1
voice/backend/role/internal/grpcsvc/roles_manage.go:213.149,214.32 1 1
voice/backend/role/internal/grpcsvc/roles_manage.go:214.32,216.3 1 0
voice/backend/role/internal/grpcsvc/roles_manage.go:217.2,218.9 2 1
voice/backend/role/internal/grpcsvc/roles_manage.go:218.9,220.3 1 0
voice/backend/role/internal/grpcsvc/roles_manage.go:221.2,222.16 2 1
voice/backend/role/internal/grpcsvc/roles_manage.go:222.16,224.3 1 0
voice/backend/role/internal/grpcsvc/roles_manage.go:225.2,225.66 1 1
voice/backend/role/internal/grpcsvc/roles_manage.go:225.66,227.3 1 0
voice/backend/role/internal/grpcsvc/roles_manage.go:228.2,229.16 2 1
voice/backend/role/internal/grpcsvc/roles_manage.go:229.16,231.3 1 0
voice/backend/role/internal/grpcsvc/roles_manage.go:232.2,233.56 2 1
voice/backend/role/internal/grpcsvc/roles_manage.go:233.56,235.3 1 0
voice/backend/role/internal/grpcsvc/roles_manage.go:236.2,237.16 2 1
voice/backend/role/internal/grpcsvc/roles_manage.go:237.16,239.3 1 0
voice/backend/role/internal/grpcsvc/roles_manage.go:240.2,240.118 1 1
voice/backend/role/internal/grpcsvc/roles_manage.go:240.118,242.3 1 0
voice/backend/role/internal/grpcsvc/roles_manage.go:243.2,243.21 1 1
voice/backend/role/internal/grpcsvc/roles_manage.go:243.21,245.3 1 0
voice/backend/role/internal/grpcsvc/roles_manage.go:246.2,246.52 1 1
voice/backend/role/internal/grpcsvc/roles_manage.go:249.158,250.32 1 0
voice/backend/role/internal/grpcsvc/roles_manage.go:250.32,252.3 1 0
voice/backend/role/internal/grpcsvc/roles_manage.go:253.2,254.9 2 0
voice/backend/role/internal/grpcsvc/roles_manage.go:254.9,256.3 1 0
voice/backend/role/internal/grpcsvc/roles_manage.go:257.2,258.16 2 0
voice/backend/role/internal/grpcsvc/roles_manage.go:258.16,260.3 1 0
voice/backend/role/internal/grpcsvc/roles_manage.go:261.2,261.66 1 0
voice/backend/role/internal/grpcsvc/roles_manage.go:261.66,263.3 1 0
voice/backend/role/internal/grpcsvc/roles_manage.go:264.2,265.16 2 0
voice/backend/role/internal/grpcsvc/roles_manage.go:265.16,267.3 1 0
voice/backend/role/internal/grpcsvc/roles_manage.go:268.2,269.16 2 0
voice/backend/role/internal/grpcsvc/roles_manage.go:269.16,271.3 1 0
voice/backend/role/internal/grpcsvc/roles_manage.go:272.2,272.82 1 0
voice/backend/role/internal/grpcsvc/roles_manage.go:272.82,274.3 1 0
voice/backend/role/internal/grpcsvc/roles_manage.go:275.2,275.55 1 0
voice/backend/role/internal/grpcsvc/roles_manage.go:278.152,279.32 1 1
voice/backend/role/internal/grpcsvc/roles_manage.go:279.32,281.3 1 0
voice/backend/role/internal/grpcsvc/roles_manage.go:282.2,283.16 2 1
voice/backend/role/internal/grpcsvc/roles_manage.go:283.16,285.3 1 0
voice/backend/role/internal/grpcsvc/roles_manage.go:286.2,287.77 2 1
voice/backend/role/internal/grpcsvc/roles_manage.go:287.77,289.17 2 1
voice/backend/role/internal/grpcsvc/roles_manage.go:289.17,291.4 1 0
voice/backend/role/internal/grpcsvc/roles_manage.go:292.3,292.20 1 1
voice/backend/role/internal/grpcsvc/roles_manage.go:294.2,295.16 2 1
voice/backend/role/internal/grpcsvc/roles_manage.go:295.16,297.3 1 0
voice/backend/role/internal/grpcsvc/roles_manage.go:298.2,299.27 2 1
voice/backend/role/internal/grpcsvc/roles_manage.go:299.27,308.3 2 1
voice/backend/role/internal/grpcsvc/roles_manage.go:309.2,309.103 1 1
voice/backend/role/internal/grpcsvc/roles_manage.go:312.143,313.32 1 1
voice/backend/role/internal/grpcsvc/roles_manage.go:313.32,315.3 1 0
voice/backend/role/internal/grpcsvc/roles_manage.go:316.2,317.9 2 1
voice/backend/role/internal/grpcsvc/roles_manage.go:317.9,319.3 1 0
voice/backend/role/internal/grpcsvc/roles_manage.go:320.2,321.16 2 1
voice/backend/role/internal/grpcsvc/roles_manage.go:321.16,323.3 1 0
voice/backend/role/internal/grpcsvc/roles_manage.go:324.2,324.66 1 1
voice/backend/role/internal/grpcsvc/roles_manage.go:324.66,326.3 1 0
voice/backend/role/internal/grpcsvc/roles_manage.go:327.2,328.16 2 1
voice/backend/role/internal/grpcsvc/roles_manage.go:328.16,330.3 1 0
voice/backend/role/internal/grpcsvc/roles_manage.go:331.2,331.73 1 1
voice/backend/role/internal/grpcsvc/roles_manage.go:331.73,333.3 1 0
voice/backend/role/internal/grpcsvc/roles_manage.go:334.2,334.50 1 1
voice/backend/role/internal/grpcsvc/roles_manage.go:337.143,338.32 1 1
voice/backend/role/internal/grpcsvc/roles_manage.go:338.32,340.3 1 0
voice/backend/role/internal/grpcsvc/roles_manage.go:341.2,342.16 2 1
voice/backend/role/internal/grpcsvc/roles_manage.go:342.16,344.3 1 0
voice/backend/role/internal/grpcsvc/roles_manage.go:345.2,346.16 2 1
voice/backend/role/internal/grpcsvc/roles_manage.go:346.16,348.3 1 0
voice/backend/role/internal/grpcsvc/roles_manage.go:349.2,349.16 1 1
voice/backend/role/internal/grpcsvc/roles_manage.go:349.16,351.3 1 0
voice/backend/role/internal/grpcsvc/roles_manage.go:352.2,352.75 1 1
voice/backend/role/internal/grpcsvc/roles_test_helpers.go:19.124,25.25 6 1
voice/backend/role/internal/grpcsvc/roles_test_helpers.go:25.25,27.3 1 0
voice/backend/role/internal/grpcsvc/roles_test_helpers.go:28.2,29.12 2 1
voice/backend/role/internal/grpcsvc/roles_test_helpers.go:29.12,30.40 1 1
voice/backend/role/internal/grpcsvc/roles_test_helpers.go:30.40,32.4 1 0
voice/backend/role/internal/grpcsvc/roles_test_helpers.go:34.2,35.74 1 1
voice/backend/role/internal/grpcsvc/roles_test_helpers.go:35.74,37.4 1 1
voice/backend/role/internal/grpcsvc/roles_test_helpers.go:40.2,41.20 2 1
voice/backend/role/internal/grpcsvc/roles_test_helpers.go:41.20,44.3 2 1
voice/backend/role/internal/grpcsvc/roles_test_helpers.go:45.2,45.51 1 1
